"lift_coeffecient-rfile"
"Time Step" "lift_coeffecient etc.."
("Time Step" "lift_coeffecient(cylwall)" "flow-time")
0 -7.546500878756047e-27 0
1 -0.000103433135677288 5e-05
2 5.142242550108868e-06 0.0001
3 -2.485105509160787e-06 0.00015
4 -3.324586647006172e-06 0.0002
5 -3.406384280598221e-06 0.00025
6 -3.340335993775736e-06 0.0003
7 4.694115560977501e-08 0.00035
8 -1.685800616469042e-06 0.0004
9 -2.281851989441339e-06 0.00045
10 -2.503093316430972e-06 0.0005
11 -1.901886495144649e-06 0.00055
12 -1.960598801561905e-06 0.0006000000000000001
13 -2.363980626390045e-06 0.0006500000000000001
14 -1.48637991990668e-06 0.0007
15 -1.747061515506381e-06 0.00075
16 -3.899827624295158e-06 0.0008
17 -1.183081175534522e-06 0.0008500000000000001
18 -1.875343038646699e-06 0.0009000000000000001
19 -1.932759345955101e-06 0.00095
20 -3.042514313702136e-06 0.001
21 -1.806812098643591e-06 0.00105
22 -1.605588287466993e-06 0.0011
23 -1.052307498615624e-06 0.00115
24 -1.078043532206431e-06 0.0012
25 -7.413739335320891e-07 0.00125
26 -8.175064786279976e-07 0.0013
27 -4.082195443473418e-08 0.00135
28 -3.800980729285311e-07 0.0014
29 6.714197723208351e-07 0.00145
30 2.094854820672508e-07 0.0015
31 6.156307062029407e-07 0.00155
32 7.892268694450266e-07 0.0016
33 1.24806786370886e-06 0.00165
34 1.876629278380391e-06 0.0017
35 1.882092272079021e-06 0.00175
36 1.856468493342717e-06 0.0018
37 2.309071737776586e-06 0.00185
38 2.724659257728855e-06 0.0019
39 2.650815355513245e-06 0.00195
40 2.972688557324731e-06 0.002
41 3.367385506296447e-06 0.00205
42 3.394548072129849e-06 0.0021
43 3.769392333921406e-06 0.00215
44 3.803992822647879e-06 0.0022
45 3.65045663231243e-06 0.00225
46 4.797033218647025e-06 0.0023
47 4.803228408010796e-06 0.00235
48 4.657531439879634e-06 0.0024
49 4.849944380347518e-06 0.00245
50 5.053217534031055e-06 0.0025
51 5.46231538791592e-06 0.00255
52 5.34817653812934e-06 0.0026
53 5.794723635470446e-06 0.00265
54 5.853139930930844e-06 0.0027
55 5.927401769567382e-06 0.00275
56 5.796696826432303e-06 0.0028
57 6.043308871389157e-06 0.00285
58 6.727302151908381e-06 0.0029
59 6.34201736935966e-06 0.00295
60 6.50287788933521e-06 0.003
61 6.823572488987271e-06 0.00305
62 6.56066113684179e-06 0.0031
63 6.934355740626424e-06 0.00315
64 7.090184921800506e-06 0.0032
65 7.060684055781114e-06 0.00325
66 6.897826561628294e-06 0.0033
67 6.908061438433528e-06 0.00335
68 6.919299378120307e-06 0.0034
69 7.133133745678595e-06 0.00345
70 6.798081592258891e-06 0.0035
71 6.992840331055724e-06 0.00355
72 7.05191677355999e-06 0.0036
73 7.02813996975394e-06 0.00365
74 6.783643701393431e-06 0.0037
75 6.956336291390019e-06 0.00375
76 6.91891538905069e-06 0.0038
77 6.729088394058752e-06 0.00385
78 6.672542753717157e-06 0.0039
79 6.390829699284853e-06 0.00395
80 6.483524081561637e-06 0.004
81 6.298154185358105e-06 0.00405
82 6.222402147335003e-06 0.0041
83 6.195549879829668e-06 0.00415
84 6.026936586608853e-06 0.004200000000000001
85 5.927556108993862e-06 0.00425
86 5.873490335267404e-06 0.0043
87 5.570791667919288e-06 0.004350000000000001
88 5.385232945862004e-06 0.0044
89 5.357862225834072e-06 0.00445
90 5.239357368045012e-06 0.004500000000000001
91 5.192702783728648e-06 0.00455
92 4.946572871040819e-06 0.0046
93 4.812462830363761e-06 0.00465
94 4.256232779064853e-06 0.0047
95 4.354794680164045e-06 0.00475
96 4.087091522265218e-06 0.0048
97 4.186485949648296e-06 0.00485
98 3.817769800423258e-06 0.0049
99 3.511653047406751e-06 0.00495
100 3.51173376126136e-06 0.005
101 3.152575602093272e-06 0.005050000000000001
102 2.944202500286431e-06 0.0051
103 2.960047105676108e-06 0.00515
104 2.609470649172324e-06 0.005200000000000001
105 2.504081997384771e-06 0.00525
106 2.283552306583062e-06 0.0053
107 2.047009791984863e-06 0.005350000000000001
108 1.79883261470017e-06 0.0054
109 1.847453801358653e-06 0.00545
110 1.486335682833871e-06 0.005500000000000001
111 1.170171515834315e-06 0.00555
112 1.088622461169951e-06 0.0056
113 7.566263514909042e-07 0.005650000000000001
114 4.860529923341764e-07 0.0057
115 3.515133988709703e-07 0.00575
116 5.457978286986641e-08 0.0058
117 -8.381745968066578e-08 0.00585
118 -3.741783984854382e-07 0.0059
119 -5.913812148907935e-07 0.00595
120 -8.196078469348594e-07 0.006
121 -9.986541007981856e-07 0.006050000000000001
122 -1.225211259108301e-06 0.0061
123 -1.426208264252323e-06 0.00615
124 -1.328782008037361e-06 0.006200000000000001
125 -1.52559131278513e-06 0.00625
126 -2.298543107443694e-06 0.0063
127 -2.107874385920878e-06 0.006350000000000001
128 -2.288104088700642e-06 0.0064
129 -2.567380401816675e-06 0.00645
130 -2.671549141130076e-06 0.006500000000000001
131 -2.84327995798905e-06 0.00655
132 -3.00449300970043e-06 0.0066
133 -3.171446500229022e-06 0.006650000000000001
134 -3.311821129406684e-06 0.0067
135 -3.439988592734463e-06 0.00675
136 -3.63745147379777e-06 0.0068
137 -3.47582070701764e-06 0.00685
138 -3.662654404567087e-06 0.006900000000000001
139 -3.99018163625475e-06 0.00695
140 -3.974565428628106e-06 0.007
141 -4.099127194802386e-06 0.007050000000000001
142 -4.252173114265235e-06 0.0071
143 -4.243761800399988e-06 0.00715
144 -4.302557307145669e-06 0.007200000000000001
145 -4.324929361543906e-06 0.00725
146 -4.373194942687763e-06 0.0073
147 -4.427184678354266e-06 0.007350000000000001
148 -4.462831011780653e-06 0.0074
149 -4.427774365222905e-06 0.00745
150 -4.582802244253538e-06 0.007500000000000001
151 -4.513499103911323e-06 0.00755
152 -4.521874968497576e-06 0.0076
153 -4.21082281093813e-06 0.007650000000000001
154 -4.411089216036906e-06 0.0077
155 -4.403584772708928e-06 0.00775
156 -4.420114698788376e-06 0.007800000000000001
157 -4.32613803613827e-06 0.007850000000000001
158 -4.227455558950326e-06 0.007900000000000001
159 -4.170092084456795e-06 0.00795
160 -4.176514924379549e-06 0.008
161 -3.991382713223e-06 0.00805
162 -3.976958767199006e-06 0.0081
163 -3.906360262071886e-06 0.008150000000000001
164 -3.856528583155512e-06 0.008200000000000001
165 -3.710437627249552e-06 0.00825
166 -3.592326339250467e-06 0.0083
167 -3.461960614567879e-06 0.00835
168 -3.0396650574943e-06 0.008400000000000001
169 -3.124379547523217e-06 0.008450000000000001
170 -3.014904762971963e-06 0.008500000000000001
171 -2.89619844643798e-06 0.00855
172 -2.703534021200861e-06 0.0086
173 -2.566140496945212e-06 0.00865
174 -2.431452299159937e-06 0.008700000000000001
175 -2.196737753801615e-06 0.008750000000000001
176 -2.038072883899347e-06 0.008800000000000001
177 -1.901427703213818e-06 0.00885
178 -1.746991775309146e-06 0.0089
179 -1.45327286692403e-06 0.00895
180 -1.218492294138541e-06 0.009000000000000001
181 -1.078982919992267e-06 0.009050000000000001
182 -9.900917600966816e-07 0.0091
183 -7.783553256081203e-07 0.00915
184 -5.803420869710223e-07 0.0092
185 -3.654442799373004e-07 0.009250000000000001
186 -2.209283732133205e-07 0.009300000000000001
187 8.307307123575139e-09 0.009350000000000001
188 1.60452116823849e-07 0.0094
189 3.863506210288567e-07 0.00945
190 6.096391805491072e-07 0.0095
191 7.572536986537881e-07 0.009550000000000001
192 9.966206551978944e-07 0.009600000000000001
193 1.220099355979468e-06 0.009650000000000001
194 1.37630745431097e-06 0.0097
195 1.591842365462643e-06 0.00975
196 1.766599057860754e-06 0.0098
197 1.958043427492441e-06 0.009850000000000001
198 2.148287547136603e-06 0.009900000000000001
199 2.306413986553096e-06 0.009950000000000001
200 2.505369098066936e-06 0.01
201 2.802168039288985e-06 0.01005
202 2.862409804809949e-06 0.0101
203 3.0389668135885e-06 0.01015
204 3.232765118856231e-06 0.0102
205 3.383210816967369e-06 0.01025
206 3.508809346784203e-06 0.0103
207 3.687460916577089e-06 0.01035
208 3.816870673841362e-06 0.0104
209 3.967082360954078e-06 0.01045
210 4.07906656829748e-06 0.0105
211 4.215083365760557e-06 0.01055
212 4.325996025189696e-06 0.0106
213 4.446471606913981e-06 0.01065
214 4.541050606523853e-06 0.0107
215 4.640336944120793e-06 0.01075
216 4.684094758954133e-06 0.0108
217 4.832400853951113e-06 0.01085
218 4.875917557748551e-06 0.0109
219 4.898014405010219e-06 0.01095
220 4.990937292917089e-06 0.011
221 5.033916275316321e-06 0.01105
222 5.068113034870677e-06 0.0111
223 5.120011210353089e-06 0.01115
224 5.066930973705338e-06 0.0112
225 5.128468849573053e-06 0.01125
226 5.068948975907328e-06 0.0113
227 5.14288528103202e-06 0.01135
228 5.121789735428419e-06 0.0114
229 5.107155774503265e-06 0.01145
230 5.043553926141222e-06 0.0115
231 5.018902274310089e-06 0.01155
232 5.00421757680371e-06 0.0116
233 4.919121872602352e-06 0.01165
234 4.849308673488177e-06 0.0117
235 4.727951956939378e-06 0.01175
236 4.681043132230925e-06 0.0118
237 4.584850730825055e-06 0.01185
238 4.469166992106279e-06 0.0119
239 4.375164715698873e-06 0.01195
240 4.290889395737169e-06 0.012
241 4.112744434353522e-06 0.01205
242 3.977643441205062e-06 0.0121
243 3.870281702001105e-06 0.01215
244 3.724610998286826e-06 0.0122
245 3.57623496127405e-06 0.01225
246 3.391685937996316e-06 0.0123
247 3.22802284793453e-06 0.01235
248 3.057463380126548e-06 0.0124
249 2.890247154502732e-06 0.01245
250 2.680743442558126e-06 0.0125
251 2.67970355604344e-06 0.01255
252 2.338892595983805e-06 0.0126
253 2.079479539981751e-06 0.01265
254 1.856236519631363e-06 0.0127
255 1.667185365318642e-06 0.01275
256 1.445729759222055e-06 0.0128
257 1.224281194907826e-06 0.01285
258 1.013312745473051e-06 0.0129
259 9.096021864981323e-07 0.01295
260 6.192023515953531e-07 0.013
261 3.234251936334163e-07 0.01305
262 7.312390572620497e-08 0.0131
263 -1.597965250885215e-07 0.01315
264 -3.685872403201617e-07 0.0132
265 -6.266947622154954e-07 0.01325
266 -8.585380612674281e-07 0.0133
267 -1.107542780911514e-06 0.01335
268 -1.329904020617992e-06 0.0134
269 -1.565390515749251e-06 0.01345
270 -1.798505104490041e-06 0.0135
271 -2.014401502330717e-06 0.01355
272 -2.258446940697099e-06 0.0136
273 -2.470888077198983e-06 0.01365
274 -2.711210644975411e-06 0.0137
275 -2.929347098677307e-06 0.01375
276 -3.11319236792715e-06 0.0138
277 -3.351559758366382e-06 0.01385
278 -3.558006648250783e-06 0.0139
279 -3.763554511036442e-06 0.01395
280 -3.960236426352697e-06 0.014
281 -4.154688116834967e-06 0.01405
282 -4.349360108655479e-06 0.0141
283 -4.533685852150597e-06 0.01415
284 -4.685326387103795e-06 0.0142
285 -4.845214147751727e-06 0.01425
286 -5.022820220301064e-06 0.0143
287 -5.178416577187151e-06 0.01435
288 -5.287158769350697e-06 0.0144
289 -5.428726275267067e-06 0.01445
290 -5.574741329243364e-06 0.0145
291 -5.700289523090978e-06 0.01455
292 -5.812656939369379e-06 0.0146
293 -5.910855243111792e-06 0.01465
294 -6.001783923354668e-06 0.0147
295 -6.095653321989315e-06 0.01475
296 -6.116236733936e-06 0.0148
297 -6.275970061119509e-06 0.01485
298 -6.271087438137304e-06 0.0149
299 -6.312458478645678e-06 0.01495
300 -6.34695528189797e-06 0.015
301 -6.364962962635127e-06 0.01505
302 -6.356755000546975e-06 0.0151
303 -6.369083803610436e-06 0.01515
304 -6.336838929114558e-06 0.0152
305 -6.329769857516113e-06 0.01525
306 -6.31325168090706e-06 0.0153
307 -6.259923656356665e-06 0.01535
308 -6.208806691742264e-06 0.0154
309 -6.118756587420125e-06 0.01545
310 -6.052024523409311e-06 0.0155
311 -5.966428965799924e-06 0.01555
312 -5.866712899268557e-06 0.0156
313 -5.75323808942006e-06 0.01565
314 -5.632671013964184e-06 0.0157
315 -5.498482990249407e-06 0.01575
316 -5.351356575390905e-06 0.0158
317 -5.195468226200637e-06 0.01585
318 -5.035174176266764e-06 0.0159
319 -4.855200384176174e-06 0.01595
320 -4.678250568801607e-06 0.016
321 -4.481292744521495e-06 0.01605
322 -4.257515061253245e-06 0.0161
323 -4.065962338736621e-06 0.01615
324 -3.837362757919332e-06 0.0162
325 -3.623856276809372e-06 0.01625
326 -3.389422010067656e-06 0.0163
327 -3.127432683780116e-06 0.01635
328 -2.852242887790584e-06 0.0164
329 -2.615938525231097e-06 0.01645
330 -2.359200239504954e-06 0.0165
331 -2.092875602466309e-06 0.01655
332 -1.819132633628444e-06 0.0166
333 -1.537064698326832e-06 0.01665
334 -1.250479104493661e-06 0.0167
335 -9.771465745387891e-07 0.01675
336 -6.813677825811793e-07 0.0168
337 -3.736124995859679e-07 0.01685
338 -6.724600383581348e-08 0.0169
339 2.108123724671675e-07 0.01695
340 5.383069257107103e-07 0.017
341 8.530186473101605e-07 0.01705
342 1.15826110814534e-06 0.0171
343 1.468510280731622e-06 0.01715
344 1.782106246125834e-06 0.0172
345 2.102643548477841e-06 0.01725
346 2.40998864358839e-06 0.0173
347 2.703450577566546e-06 0.01735
348 3.01619338036167e-06 0.0174
349 3.284717291218774e-06 0.01745
350 3.598325077821883e-06 0.0175
351 3.909132069391343e-06 0.01755
352 4.205250973421188e-06 0.0176
353 4.501599101071178e-06 0.01765
354 4.76929037388791e-06 0.0177
355 5.061438462119043e-06 0.01775
356 5.33908588051528e-06 0.0178
357 5.607539263607384e-06 0.01785
358 5.867637467867505e-06 0.0179
359 6.121107449623102e-06 0.01795
360 6.362780290835017e-06 0.018
361 6.600040303261901e-06 0.01805
362 6.826477339510203e-06 0.0181
363 7.039591284901823e-06 0.01815
364 7.257633000303836e-06 0.0182
365 7.43789046614375e-06 0.01825
366 7.632245326327657e-06 0.0183
367 7.81381253792947e-06 0.01835
368 7.974581213691945e-06 0.0184
369 8.127340381045781e-06 0.01845
370 8.265840374654877e-06 0.0185
371 8.397120515209528e-06 0.01855
372 8.511661727506517e-06 0.0186
373 8.61498702729458e-06 0.01865
374 8.704073665536854e-06 0.0187
375 8.778613245926365e-06 0.01875
376 8.843109839635674e-06 0.0188
377 8.88477156248587e-06 0.01885
378 8.914034065831932e-06 0.0189
379 8.950042902991864e-06 0.01895
380 8.947390064386521e-06 0.019
381 8.939561358960417e-06 0.01905
382 8.908518554362824e-06 0.0191
383 8.86750710128818e-06 0.01915
384 8.808011405831797e-06 0.0192
385 8.737798997157657e-06 0.01925
386 8.6460994924856e-06 0.0193
387 8.548648221400195e-06 0.01935
388 8.434289275724074e-06 0.0194
389 8.302725673178333e-06 0.01945
390 8.156644605690409e-06 0.0195
391 7.999501739100538e-06 0.01955
392 7.822065860100523e-06 0.0196
393 7.634590460772936e-06 0.01965
394 7.419546779456148e-06 0.0197
395 7.219211335987423e-06 0.01975
396 6.9804716916877e-06 0.0198
397 6.730714904553708e-06 0.01985
398 6.466150433065139e-06 0.0199
399 6.19077169730457e-06 0.01995
400 5.901590293259766e-06 0.02
401 5.60274980085085e-06 0.02005
402 5.299042083913424e-06 0.0201
403 4.9759939012676e-06 0.02015
404 4.637997339417654e-06 0.0202
405 4.295179391004251e-06 0.02025
406 3.941416454689128e-06 0.0203
407 3.614642368902586e-06 0.02035
408 3.219182777926252e-06 0.0204
409 2.850418367444087e-06 0.02045
410 2.446866564195704e-06 0.0205
411 2.049760229095581e-06 0.02055
412 1.642980416097591e-06 0.0206
413 1.229756950194774e-06 0.02065
414 8.129691807735705e-07 0.0207
415 3.892221172963933e-07 0.02075
416 -3.709205710157942e-08 0.0208
417 -4.698926498871139e-07 0.02085
418 -1.144689921256176e-06 0.0209
419 -1.411358288321295e-06 0.02095
420 -1.799593917528435e-06 0.021
421 -2.226479174494564e-06 0.02105
422 -2.664199818573243e-06 0.0211
423 -3.100116936967418e-06 0.02115
424 -3.53864175238396e-06 0.0212
425 -3.97148753817947e-06 0.02125
426 -4.406140294836291e-06 0.0213
427 -4.836352845220778e-06 0.02135
428 -5.250983994117611e-06 0.0214
429 -5.684756886326453e-06 0.02145
430 -6.109777233304294e-06 0.0215
431 -6.520854093982852e-06 0.02155
432 -6.916776073063411e-06 0.0216
433 -7.317013543534491e-06 0.02165
434 -7.705891090513167e-06 0.0217
435 -8.086157812279534e-06 0.02175
436 -8.456168061531016e-06 0.0218
437 -8.815635533184557e-06 0.02185
438 -9.164810313367867e-06 0.0219
439 -9.499663937912278e-06 0.02195
440 -9.822426954129313e-06 0.022
441 -1.013528130139489e-05 0.02205
442 -1.043065470494659e-05 0.0221
443 -1.071298251297713e-05 0.02215
444 -1.094923588838922e-05 0.0222
445 -1.121913791716084e-05 0.02225
446 -1.140475205677992e-05 0.0223
447 -1.181693799861205e-05 0.02235
448 -1.194769415033313e-05 0.0224
449 -1.207545921614557e-05 0.02245
450 -1.2227539898884e-05 0.0225
451 -1.238950797734177e-05 0.02255
452 -1.250944239776339e-05 0.0226
453 -1.261318153174003e-05 0.02265
454 -1.269935619297372e-05 0.0227
455 -1.277073123118626e-05 0.02275
456 -1.282260533589422e-05 0.0228
457 -1.285098145721961e-05 0.02285
458 -1.286067070885863e-05 0.0229
459 -1.285262082264937e-05 0.02295
460 -1.281493177457588e-05 0.023
461 -1.27572511999934e-05 0.02305
462 -1.267978005772455e-05 0.0231
463 -1.258188341508082e-05 0.02315
464 -1.245911337369365e-05 0.0232
465 -1.23149904167834e-05 0.02325
466 -1.214830535557213e-05 0.0233
467 -1.196232554993442e-05 0.02335
468 -1.17526189536366e-05 0.0234
469 -1.152388194310886e-05 0.02345
470 -1.127016347490775e-05 0.0235
471 -1.099721748307303e-05 0.02355
472 -1.070128064358619e-05 0.0236
473 -1.038621298284486e-05 0.02365
474 -1.004732720409331e-05 0.0237
475 -9.83161475311026e-06 0.02375
476 -9.356709309343426e-06 0.0238
477 -8.934744870494542e-06 0.02385
478 -8.51092200068142e-06 0.0239
479 -8.070934938742986e-06 0.02395
480 -7.619275957633801e-06 0.024
481 -7.153385414929875e-06 0.02405
482 -6.668956028026989e-06 0.0241
483 -6.167680311856372e-06 0.02415
484 -5.650548793298591e-06 0.0242
485 -5.116946973729604e-06 0.02425
486 -4.568293486896338e-06 0.0243
487 -4.009967607145245e-06 0.02435
488 -3.433508628392122e-06 0.0244
489 -2.846879494879464e-06 0.02445
490 -2.255189951185035e-06 0.0245
491 -1.649913741420321e-06 0.02455
492 -1.035685706196527e-06 0.0246
493 -4.087394386409957e-07 0.02465
494 2.257095106733083e-07 0.0247
495 6.978029309477825e-07 0.02475
496 1.458314732184054e-06 0.0248
497 2.143728273272027e-06 0.02485
498 2.810649467256005e-06 0.0249
499 3.472421890397722e-06 0.02495
500 4.133342104111697e-06 0.025
501 4.795054965453346e-06 0.02505
502 5.452569482911348e-06 0.0251
503 6.118220593018351e-06 0.02515
504 6.779218329260712e-06 0.0252
505 7.4308685085914e-06 0.02525
506 8.084848004545938e-06 0.0253
507 8.729949858877117e-06 0.02535
508 9.368902043307907e-06 0.0254
509 1.000030235048004e-05 0.02545
510 1.062110200445473e-05 0.0255
511 1.123687232536737e-05 0.02555
512 1.184071694212701e-05 0.0256
513 1.243095063379316e-05 0.02565
514 1.3004173398937e-05 0.0257
515 1.356289898523166e-05 0.02575
516 1.410743384876013e-05 0.0258
517 1.464018835552961e-05 0.02585
518 1.515402298180461e-05 0.0259
519 1.564954325656257e-05 0.02595
520 1.612641520007682e-05 0.026
521 1.658189914327245e-05 0.02605
522 1.701703497836865e-05 0.0261
523 1.74331613169725e-05 0.02615
524 1.782353700150567e-05 0.0262
525 1.818824592833292e-05 0.02625
526 1.852865993643465e-05 0.0263
527 1.884359411930633e-05 0.02635
528 1.912735019616984e-05 0.0264
529 1.939289875639723e-05 0.02645
530 1.969436634495705e-05 0.0265
531 1.98576276208326e-05 0.02655
532 2.001317028421464e-05 0.0266
533 2.014925577025763e-05 0.02665
534 2.025976213659783e-05 0.0267
535 2.034081566126583e-05 0.02675
536 2.036311133758089e-05 0.0268
537 2.040163520705179e-05 0.02685
538 2.039557860800645e-05 0.0269
539 2.03543487611463e-05 0.02695
540 2.027746244135697e-05 0.027
541 2.016771250144187e-05 0.02705
542 2.002375920833963e-05 0.0271
543 1.984588981555089e-05 0.02715
544 1.963529321357366e-05 0.0272
545 1.939105981885876e-05 0.02725
546 1.910787106624371e-05 0.0273
547 1.87953445430226e-05 0.02735
548 1.845358063469846e-05 0.0274
549 1.807688130094684e-05 0.02745
550 1.766851658094574e-05 0.0275
551 1.722496006267643e-05 0.02755
552 1.674890704469012e-05 0.0276
553 1.623523177106652e-05 0.02765
554 1.569883241425626e-05 0.0277
555 1.512961099422527e-05 0.02775
556 1.452833885183353e-05 0.0278
557 1.389789278370037e-05 0.02785
558 1.323801791243035e-05 0.0279
559 1.25500438622654e-05 0.02795
560 1.183624007549145e-05 0.028
561 1.109416857455629e-05 0.02805
562 1.032698101048712e-05 0.0281
563 9.532241022268151e-06 0.02815
564 8.713277825131764e-06 0.0282
565 7.871145623647191e-06 0.02825
566 7.005292096507145e-06 0.0283
567 6.117959324845877e-06 0.02835
568 5.211755110095527e-06 0.0284
569 4.287780334217307e-06 0.02845
570 3.345931473364745e-06 0.0285
571 2.388311176506641e-06 0.02855
572 1.415859850202011e-06 0.0286
573 4.303053437066071e-07 0.02865
574 -5.670482304188346e-07 0.0287
575 -1.576672566318217e-06 0.02875
576 -2.595170678777827e-06 0.0288
577 -3.616776296550366e-06 0.02885
578 -4.650694695844872e-06 0.0289
579 -5.687999173248304e-06 0.02895
580 -6.727995157261219e-06 0.029
581 -7.774253049347663e-06 0.02905
582 -8.809407027681872e-06 0.0291
583 -9.81117835392805e-06 0.02915
584 -1.08449555594879e-05 0.0292
585 -1.190388374365715e-05 0.02925
586 -1.294852370897666e-05 0.0293
587 -1.397207350614165e-05 0.02935
588 -1.497509909507253e-05 0.0294
589 -1.596856881403532e-05 0.02945
590 -1.694969931082454e-05 0.0295
591 -1.791534664621572e-05 0.02955
592 -1.886381548483082e-05 0.0296
593 -1.979088925861334e-05 0.02965
594 -2.069604347465869e-05 0.0297
595 -2.158367049008954e-05 0.02975
596 -2.245191169234814e-05 0.0298
597 -2.329197189267623e-05 0.02985
598 -2.410831217186774e-05 0.0299
599 -2.488851878458163e-05 0.02995
600 -2.56405560890868e-05 0.03
601 -2.636097967021473e-05 0.03005
602 -2.704892774248464e-05 0.0301
603 -2.770762427884277e-05 0.03015
604 -2.833035509979613e-05 0.0302
605 -2.890974318290946e-05 0.03025
606 -2.945313918265569e-05 0.0303
607 -2.996401276468721e-05 0.03035
608 -3.042195215220486e-05 0.0304
609 -3.084285690324275e-05 0.03045
610 -3.12194574090812e-05 0.0305
611 -3.155420823658526e-05 0.03055
612 -3.184868934729576e-05 0.0306
613 -3.20971671099473e-05 0.03065
614 -3.229880309391788e-05 0.0307
615 -3.244843588199068e-05 0.03075
616 -3.254598521088074e-05 0.0308
617 -3.259350485765815e-05 0.03085
618 -3.259012834047667e-05 0.0309
619 -3.253533932059303e-05 0.03095
620 -3.242779685204655e-05 0.031
621 -3.226793125410173e-05 0.03105
622 -3.205625380957958e-05 0.0311
623 -3.179127270022343e-05 0.03115
624 -3.147281498541787e-05 0.0312
625 -3.110061480944277e-05 0.03125
626 -3.067488049209625e-05 0.0313
627 -3.019582600746698e-05 0.03135
628 -2.966339049278143e-05 0.0314
629 -2.907712072197948e-05 0.03145
630 -2.843772693494119e-05 0.0315
631 -2.774753454727158e-05 0.03155
632 -2.700552342595543e-05 0.0316
633 -2.621335420974103e-05 0.03165
634 -2.537103527561124e-05 0.0317
635 -2.447901922282181e-05 0.03175
636 -2.353584000945187e-05 0.0318
637 -2.254353123062894e-05 0.03185
638 -2.150398230230055e-05 0.0319
639 -2.041831195194245e-05 0.03195
640 -1.928810415516727e-05 0.032
641 -1.8114519062127e-05 0.03205
642 -1.689769957462413e-05 0.0321
643 -1.563963927032032e-05 0.03215
644 -1.434170667249418e-05 0.0322
645 -1.300522561133663e-05 0.03225
646 -1.16307023351815e-05 0.0323
647 -1.02219890641536e-05 0.03235
648 -8.780457311989948e-06 0.0324
649 -7.307331548634051e-06 0.03245
650 -5.801863128436181e-06 0.0325
651 -4.269951503446749e-06 0.03255
652 -2.714800008135982e-06 0.0326
653 -1.13623274496564e-06 0.03265
654 4.638656848939592e-07 0.0327
655 2.083618387148576e-06 0.03275
656 3.720447034951334e-06 0.0328
657 5.37179586226396e-06 0.03285
658 7.034829763946674e-06 0.0329
659 8.707300996277204e-06 0.03295
660 1.038704071794746e-05 0.033
661 1.207160898023861e-05 0.03305
662 1.375836856132607e-05 0.0331
663 1.544489336571463e-05 0.03315
664 1.712285057658744e-05 0.0332
665 1.879463839180508e-05 0.03325
666 2.046541655387921e-05 0.0333
667 2.212577392872986e-05 0.03335
668 2.377190854836246e-05 0.0334
669 2.540116254867339e-05 0.03345
670 2.701081685688498e-05 0.0335
671 2.859830746835363e-05 0.03355
672 3.016140831268259e-05 0.0336
673 3.169817712252661e-05 0.03365
674 3.320499823400683e-05 0.0337
675 3.46794592886007e-05 0.03375
676 3.611866162638598e-05 0.0338
677 3.752002702008539e-05 0.03385000000000001
678 3.888089697637086e-05 0.0339
679 4.019809410832959e-05 0.03395
680 4.146948226113578e-05 0.034
681 4.269281708861997e-05 0.03405
682 4.386557647330001e-05 0.0341
683 4.498534410714623e-05 0.03415
684 4.604971382318752e-05 0.0342
685 4.705628968159757e-05 0.03425
686 4.800310710859169e-05 0.0343
687 4.888792439866881e-05 0.03435
688 4.970849845805817e-05 0.0344
689 5.046297732228695e-05 0.03445
690 5.114918766906998e-05 0.0345
691 5.176568380982343e-05 0.03455
692 5.230992654439883e-05 0.0346
693 5.27807458533276e-05 0.03465
694 5.31762889506014e-05 0.0347
695 5.34950799172039e-05 0.03475
696 5.373580384989337e-05 0.0348
697 5.389707979864021e-05 0.03485
698 5.397774697896845e-05 0.0349
699 5.397706227687202e-05 0.03495
700 5.389335557876137e-05 0.035
701 5.372562154582933e-05 0.03505
702 5.347297986599694e-05 0.0351
703 5.313494638993319e-05 0.03515
704 5.271116248553648e-05 0.0352
705 5.220123558044134e-05 0.03525
706 5.160568873935112e-05 0.0353
707 5.092174938648005e-05 0.03535
708 5.015218579511875e-05 0.0354
709 4.929474620029933e-05 0.03545
710 4.835100919724663e-05 0.0355
711 4.732203555996175e-05 0.03555
712 4.620827165232801e-05 0.0356
713 4.501112679859539e-05 0.03565
714 4.373153704707918e-05 0.0357
715 4.233879399512842e-05 0.03575
716 4.088444626139037e-05 0.0358
717 3.939069954022943e-05 0.03585
718 3.779760832626473e-05 0.0359
719 3.612153027221484e-05 0.03595
720 3.436739145350568e-05 0.036
721 3.253847853570742e-05 0.03605
722 3.063708546248431e-05 0.0361
723 2.8665314246839e-05 0.03615
724 2.662418151697187e-05 0.0362
725 2.451766294926778e-05 0.03625
726 2.234782790559772e-05 0.0363
727 2.011779222530081e-05 0.03635
728 1.783168708479633e-05 0.0364
729 1.548894665683689e-05 0.03645
730 1.309329330716353e-05 0.0365
731 1.064764077374901e-05 0.03655
732 8.155541517381274e-06 0.0366
733 5.61465459366223e-06 0.03665
734 3.032993730780301e-06 0.0367
735 4.174797581616579e-07 0.03675
736 -2.230457787836447e-06 0.0368
737 -4.907388179060508e-06 0.03685
738 -7.609494633255685e-06 0.0369
739 -1.033319322892941e-05 0.03695
740 -1.307404367121662e-05 0.03700000000000001
741 -1.582873314370183e-05 0.03705
742 -1.859469484947145e-05 0.0371
743 -2.136595990682776e-05 0.03715
744 -2.4137279738433e-05 0.0372
745 -2.690596359335206e-05 0.03725
746 -2.966745397977395e-05 0.0373
747 -3.241799884786134e-05 0.03735
748 -3.515349948321352e-05 0.0374
749 -3.786963514214431e-05 0.03745
750 -4.05617747653531e-05 0.0375
751 -4.322548132726265e-05 0.03755
752 -4.585626082489686e-05 0.0376
753 -4.844981678292741e-05 0.03765
754 -5.100181565502465e-05 0.0377
755 -5.350787867885807e-05 0.03775
756 -5.59635863891396e-05 0.0378
757 -5.83646177436472e-05 0.03785
758 -6.070670498440765e-05 0.0379
759 -6.298628903582442e-05 0.03795
760 -6.519860605754145e-05 0.038
761 -6.733939068626866e-05 0.03805
762 -6.940447237506384e-05 0.0381
763 -7.138910858584422e-05 0.03815
764 -7.328902822470973e-05 0.0382
765 -7.5101400543295e-05 0.03825
766 -7.682376650222822e-05 0.0383
767 -7.845057528570764e-05 0.03835
768 -7.997821504435484e-05 0.0384
769 -8.140326472062591e-05 0.03845000000000001
770 -8.272243840557578e-05 0.0385
771 -8.393251714294044e-05 0.03855
772 -8.503035848418692e-05 0.0386
773 -8.601276915750982e-05 0.03865
774 -8.687729289713802e-05 0.03870000000000001
775 -8.762032392458559e-05 0.03875
776 -8.823932371188517e-05 0.0388
777 -8.873186132283479e-05 0.03885
778 -8.909615246380554e-05 0.0389
779 -8.932987897878322e-05 0.03895
780 -8.943105193988483e-05 0.039
781 -8.939781399568093e-05 0.03905
782 -8.922849234887054e-05 0.0391
783 -8.892153373682301e-05 0.03915
784 -8.847577999723432e-05 0.0392
785 -8.788979487141732e-05 0.03925
786 -8.716326295153382e-05 0.0393
787 -8.629551484206396e-05 0.03935
788 -8.528617191116213e-05 0.0394
789 -8.413494102916634e-05 0.03945
790 -8.284197071578179e-05 0.0395
791 -8.14071983878074e-05 0.03955
792 -7.983104474506582e-05 0.0396
793 -7.811418906604973e-05 0.03965
794 -7.625756115030505e-05 0.0397
795 -7.426219089713672e-05 0.03975
796 -7.212930393182388e-05 0.0398
797 -6.986060506354861e-05 0.03985
798 -6.745753296806707e-05 0.0399
799 -6.492161697855166e-05 0.03995
800 -6.225506557866177e-05 0.04
801 -5.94606757256804e-05 0.04005
802 -5.654166189610456e-05 0.0401
803 -5.350127236693472e-05 0.04015000000000001
804 -5.034203952523587e-05 0.0402
805 -4.706739941057662e-05 0.04025
806 -4.368040003993694e-05 0.0403
807 -4.018481121489008e-05 0.04035
808 -3.658462875443686e-05 0.04040000000000001
809 -3.28838935376558e-05 0.04045
810 -2.908677246561732e-05 0.0405
811 -2.51978419207819e-05 0.04055
812 -2.122188272176213e-05 0.0406
813 -1.716377905276021e-05 0.04065
814 -1.302910195914441e-05 0.0407
815 -8.824671153796619e-06 0.04075
816 -4.55315480074088e-06 0.0408
817 -2.195692377389908e-07 0.04085
818 4.170894058867813e-06 0.0409
819 8.610180927341901e-06 0.04095
820 1.309252945467971e-05 0.041
821 1.761173630055412e-05 0.04105
822 2.216128381509043e-05 0.0411
823 2.673474926268923e-05 0.04115
824 3.132584515712965e-05 0.0412
825 3.59278231499559e-05 0.04125
826 4.053385252800772e-05 0.0413
827 4.513690923784483e-05 0.04135
828 4.973004889993257e-05 0.0414
829 5.430695886114586e-05 0.04145
830 5.886046923844666e-05 0.0415
831 6.338337347460464e-05 0.04155
832 6.786793923795856e-05 0.04160000000000001
833 7.23072176788007e-05 0.04165
834 7.669401231812324e-05 0.0417
835 8.101861384265787e-05 0.04175
836 8.527452266334641e-05 0.0418
837 8.945524024646452e-05 0.04185000000000001
838 9.355399984176594e-05 0.0419
839 9.756364106681064e-05 0.04195
840 0.0001014771370655165 0.042
841 0.0001052874928938536 0.04205
842 0.0001089882332108966 0.04210000000000001
843 0.0001125726960762662 0.04215
844 0.0001160330575646546 0.0422
845 0.0001193628309502356 0.04225
846 0.0001225552049929634 0.0423
847 0.0001256037385491384 0.04235
848 0.0001285020101062596 0.0424
849 0.0001312437298198108 0.04245
850 0.000133822633651517 0.0425
851 0.0001362331392509727 0.04255
852 0.0001384696513493098 0.0426
853 0.0001405268206370955 0.04265
854 0.0001423985165198703 0.0427
855 0.0001440803522761329 0.04275
856 0.0001455669864172438 0.0428
857 0.0001468521020365896 0.04285
858 0.0001479334500574949 0.0429
859 0.0001488068656154848 0.04295
860 0.0001494688516264509 0.043
861 0.0001499156353342308 0.04305
862 0.000150143727095641 0.0431
863 0.0001501504473043663 0.04315
864 0.0001499328433155318 0.0432
865 0.0001494881158148558 0.04325
866 0.0001488151154116652 0.04330000000000001
867 0.0001479118717789204 0.04335
868 0.0001467757496386508 0.0434
869 0.0001454055985119191 0.04345
870 0.0001438004486541433 0.0435
871 0.0001419599384192542 0.04355000000000001
872 0.0001398840913618545 0.0436
873 0.0001375732470771536 0.04365
874 0.0001350276837516831 0.0437
875 0.0001322483536794179 0.04375
876 0.0001292366739902757 0.0438
877 0.0001259935094467987 0.04385
878 0.0001225204161979255 0.0439
879 0.0001188200263061858 0.04395
880 0.0001148946740271833 0.044
881 0.0001107490614113453 0.04405
882 0.0001063870198898425 0.0441
883 0.0001018123326445162 0.04415
884 9.702827410900323e-05 0.0442
885 9.203911164697428e-05 0.04425
886 8.684952492877709e-05 0.0443
887 8.146492518765643e-05 0.04435
888 7.589107649075889e-05 0.0444
889 7.013409264945067e-05 0.04445
890 6.420000292357916e-05 0.0445
891 5.80957771648608e-05 0.04455
892 5.182795229913335e-05 0.0446
893 4.540409490814714e-05 0.04465
894 3.883151590091051e-05 0.0447
895 3.211833941998481e-05 0.04475000000000001
896 2.527274359634121e-05 0.0448
897 1.830382015070653e-05 0.04485
898 1.12197461854255e-05 0.0449
899 4.029342713994074e-06 0.04495
900 -3.257639181137609e-06 0.04500000000000001
901 -1.06315627341212e-05 0.04505
902 -1.808209550871331e-05 0.0451
903 -2.559935043141285e-05 0.04515
904 -3.318921276958014e-05 0.0452
905 -4.085260269856547e-05 0.04525000000000001
906 -4.85336433219368e-05 0.0453
907 -5.62142381512705e-05 0.04535
908 -6.387917547994922e-05 0.0454
909 -7.155586485944781e-05 0.04545
910 -7.923022272038265e-05 0.0455
911 -8.688746065807876e-05 0.04555
912 -9.451388162415918e-05 0.0456
913 -0.0001020969414965045 0.04565
914 -0.0001096239580574996 0.0457
915 -0.0001170831199168275 0.04575
916 -0.0001244617589578107 0.0458
917 -0.0001317482921069086 0.04585
918 -0.0001389313491777875 0.0459
919 -0.0001459983444590975 0.04595
920 -0.0001529370605291485 0.046
921 -0.0001597353308756955 0.04605
922 -0.0001663809006540963 0.0461
923 -0.0001728625473193148 0.04615
924 -0.0001791687033380125 0.0462
925 -0.000185287863320891 0.04625
926 -0.0001912080919536039 0.0463
927 -0.0001969176776176703 0.04635
928 -0.0002024061311553564 0.0464
929 -0.0002076627638540196 0.04645000000000001
930 -0.0002126766045558977 0.0465
931 -0.0002174373763142206 0.04655
932 -0.0002219348450241066 0.0466
933 -0.0002261589931148765 0.04665
934 -0.0002301004799611139 0.04670000000000001
935 -0.0002337522262969197 0.04675
936 -0.0002371301660115235 0.0468
937 -0.0002401769128971051 0.04685
938 -0.0002428991773888397 0.0469
939 -0.0002452932160018623 0.04695000000000001
940 -0.0002473524507727996 0.047
941 -0.0002490695178203273 0.04705
942 -0.0002504380573830653 0.0471
943 -0.0002514518041256544 0.04715
944 -0.0002521049171185005 0.0472
945 -0.0002523918543166548 0.04725
946 -0.0002523090588625372 0.0473
947 -0.0002518487248663314 0.04735
948 -0.0002510075234274173 0.0474
949 -0.0002497825168233932 0.04745
950 -0.0002481709897472342 0.0475
951 -0.0002461709109726528 0.04755
952 -0.0002437796139674598 0.0476
953 -0.0002409963191097518 0.04765
954 -0.0002378201735614816 0.0477
955 -0.0002342509404104765 0.04775
956 -0.0002302890115879501 0.0478
957 -0.0002259356778173788 0.04785
958 -0.0002211925371064266 0.04790000000000001
959 -0.0002160613474616603 0.04795
960 -0.000210544649078665 0.048
961 -0.0002046460991499613 0.04805
962 -0.0001983700701732068 0.0481
963 -0.000191720451686896 0.04815000000000001
964 -0.0001847024755653957 0.0482
965 -0.0001773217317405749 0.04825
966 -0.0001695848410776793 0.0483
967 -0.0001614987250584368 0.04835
968 -0.0001530707464220603 0.04840000000000001
969 -0.0001443091639864086 0.04845
970 -0.0001352233500686355 0.0485
971 -0.0001258229434480211 0.04855
972 -0.0001161168646911385 0.0486
973 -0.0001061155459696795 0.04865000000000001
974 -9.583047817268917e-05 0.0487
975 -8.527270565004536e-05 0.04875
976 -7.445433762206835e-05 0.0488
977 -6.338853931445697e-05 0.04885
978 -5.208773335014887e-05 0.0489
979 -4.056600290785533e-05 0.04895
980 -2.883811587305138e-05 0.049
981 -1.691871454224412e-05 0.04905
982 -4.822521365629923e-06 0.0491
983 7.434747828497723e-06 0.04915
984 1.983715863577487e-05 0.0492
985 3.23676199122896e-05 0.04925
986 4.500987804516847e-05 0.0493
987 5.776381702210159e-05 0.04935
988 7.058714478572903e-05 0.0494
989 8.34623509793776e-05 0.04945
990 9.63760745824016e-05 0.0495
991 0.0001093121594505258 0.04955
992 0.0001222493325221704 0.04960000000000001
993 0.0001351699919628341 0.04965
994 0.000148055091450922 0.0497
995 0.0001608840298982932 0.04975
996 0.0001736386331232925 0.0498
997 0.0001862987389651452 0.04985000000000001
998 0.0001988443153191061 0.0499
999 0.0002112539901274856 0.04995
1000 0.00022350930713145 0.05
1001 0.0002355902082829319 0.05005
1002 0.0002474764628982665 0.05010000000000001
1003 0.0002591531874368058 0.05015
1004 0.000270593705245518 0.0502
1005 0.0002817774610829567 0.05025
1006 0.000292687044805693 0.0503
1007 0.0003032979134497907 0.05035000000000001
1008 0.0003135989292559632 0.0504
1009 0.0003235696796187884 0.05045
1010 0.000333189949911148 0.0505
1011 0.0003424410578668069 0.05055
1012 0.0003513056191503057 0.0506
1013 0.0003597649122570409 0.05065
1014 0.0003678002681605069 0.0507
1015 0.0003753942942582032 0.05075
1016 0.0003825309648480619 0.0508
1017 0.0003891941597497023 0.05085
1018 0.0003953687433909387 0.0509
1019 0.0004010380471067968 0.05095
1020 0.0004061874225538185 0.051
1021 0.0004108035940629774 0.05105000000000001
1022 0.0004148733041657375 0.0511
1023 0.0004183832377338704 0.05115
1024 0.000421320749655335 0.0512
1025 0.0004236736214012483 0.05125
1026 0.000425431305466877 0.05130000000000001
1027 0.0004265832283387369 0.05135
1028 0.0004271243771818929 0.0514
1029 0.000427044220417992 0.05145
1030 0.0004263367618341766 0.0515
1031 0.0004249954962855438 0.05155000000000001
1032 0.0004230052830018915 0.0516
1033 0.0004203704222257702 0.05165
1034 0.0004170818207663323 0.0517
1035 0.000413134887009218 0.05175
1036 0.0004085273631033549 0.05180000000000001
1037 0.0004032481616565409 0.05185
1038 0.0003973178843186384 0.0519
1039 0.000390728011316413 0.05195
1040 0.0003834828917689811 0.052
1041 0.0003755829568535308 0.05205
1042 0.000367030263077776 0.0521
1043 0.0003578288636312954 0.05215
1044 0.000347983796396652 0.0522
1045 0.000337501666520321 0.05225
1046 0.000326390247694668 0.0523
1047 0.0003146571291215445 0.05235
1048 0.0003023130752171614 0.0524
1049 0.0002893675256600036 0.05245
1050 0.0002758311661098514 0.0525
1051 0.0002617184005318269 0.05255
1052 0.0002470396613342727 0.0526
1053 0.0002318084227299568 0.05265
1054 0.0002160373867313081 0.0527
1055 0.0001997551327371842 0.05275000000000001
1056 0.0001829699104665817 0.0528
1057 0.0001657035831823053 0.05285
1058 0.0001479739698335359 0.0529
1059 0.0001298030732809336 0.05295
1060 0.0001112101310264393 0.05300000000000001
1061 9.221485387843902e-05 0.05305
1062 7.284101318264876e-05 0.0531
1063 5.311382051450036e-05 0.05315
1064 3.30583500300006e-05 0.0532
1065 1.269894567344973e-05 0.05325000000000001
1066 -7.9414568810646e-06 0.0533
1067 -2.884408566219795e-05 0.05335
1068 -4.996220364582008e-05 0.0534
1069 -7.127323149872085e-05 0.05345
1070 -9.274919203479988e-05 0.05350000000000001
1071 -0.000114363036097031 0.05355
1072 -0.0001360830370661168 0.0536
1073 -0.0001578719905670059 0.05365
1074 -0.0001797055881541161 0.0537
1075 -0.0002015539011027942 0.05375
1076 -0.0002233849343974425 0.0538
1077 -0.000245163417637816 0.05385
1078 -0.0002668591784491147 0.0539
1079 -0.0002884377669871599 0.05395
1080 -0.0003098678409151603 0.054
1081 -0.0003311152674643066 0.05405
1082 -0.0003521460825958735 0.0541
1083 -0.0003729267516552066 0.05415
1084 -0.0003934292706628252 0.05420000000000001
1085 -0.0004136155326078731 0.05425
1086 -0.0004334513584488235 0.0543
1087 -0.0004529013145608023 0.05435
1088 -0.0004719349308549978 0.0544
1089 -0.0004905176510187353 0.05445000000000001
1090 -0.0005086164972090662 0.0545
1091 -0.000526200198652937 0.05455
1092 -0.0005432342522361815 0.0546
1093 -0.0005596869187640019 0.05465
1094 -0.0005755287632214851 0.05470000000000001
1095 -0.0005907266188906484 0.05475
1096 -0.0006052467893773683 0.0548
1097 -0.0006190680716883579 0.05485
1098 -0.0006321652023668133 0.0549
1099 -0.0006445061878631085 0.05495000000000001
1100 -0.0006560437914983261 0.055
1101 -0.0006667682001522867 0.05505
1102 -0.0006766567610050178 0.0551
1103 -0.0006856833281278754 0.05515
1104 -0.0006938208736947156 0.05520000000000001
1105 -0.0007010441249051832 0.05525
1106 -0.0007073327425998224 0.0553
1107 -0.000712663916551938 0.05535
1108 -0.0007170190444445724 0.0554
1109 -0.0007203816098968265 0.05545
1110 -0.0007227288210130942 0.0555
1111 -0.0007240079394422101 0.05555
1112 -0.0007242766306692111 0.0556
1113 -0.0007234954278870809 0.05565000000000001
1114 -0.00072164605667767 0.0557
1115 -0.0007187180324688041 0.05575
1116 -0.0007147019649865774 0.0558
1117 -0.0007095713244534686 0.05585
1118 -0.000703337899472621 0.05590000000000001
1119 -0.0006959951312900715 0.05595
1120 -0.0006875409320330818 0.056
1121 -0.000677969440044643 0.05605
1122 -0.0006672817579712242 0.0561
1123 -0.0006554782797078588 0.05615000000000001
1124 -0.0006425632908916565 0.0562
1125 -0.0006285420688618227 0.05625
1126 -0.0006134215995158161 0.0563
1127 -0.0005972070251073386 0.05635
1128 -0.0005799069147887059 0.05640000000000001
1129 -0.0005615368687172211 0.05645
1130 -0.0005421097510798808 0.0565
1131 -0.000521641889179695 0.05655
1132 -0.0005001481365548869 0.0566
1133 -0.0004776467726219643 0.05665000000000001
1134 -0.0004541617052336066 0.0567
1135 -0.0004297110694257551 0.05675
1136 -0.0004043181069723083 0.0568
1137 -0.0003780086488652989 0.05685
1138 -0.0003508032407579334 0.05690000000000001
1139 -0.0003227336810675642 0.05695
1140 -0.0002938439997761774 0.057
1141 -0.0002641547148179996 0.05705
1142 -0.0002337027581938385 0.0571
1143 -0.0002025206427826081 0.05715
1144 -0.0001706448703661127 0.0572
1145 -0.0001381088421066164 0.05725
1146 -0.0001049705190481599 0.0573
1147 -7.124458725681299e-05 0.05735000000000001
1148 -3.69752379856561e-05 0.0574
1149 -2.223284640091489e-06 0.05745
1150 3.296236371447313e-05 0.0575
1151 6.854285868371567e-05 0.05755
1152 0.0001044808414684549 0.05760000000000001
1153 0.0001407239905285166 0.05765
1154 0.0001772306863398853 0.0577
1155 0.0002139332449592761 0.05775
1156 0.0002507870222482627 0.0578
1157 0.0002877475595640507 0.05785000000000001
1158 0.0003247744968554264 0.0579
1159 0.0003618280634018588 0.05795
1160 0.0003987996440318972 0.058
1161 0.000435647806192983 0.05805
1162 0.000472318498511987 0.05810000000000001
1163 0.0005087555421392383 0.05815
1164 0.000544922144448531 0.0582
1165 0.0005807597642979735 0.05825
1166 0.0006162026995265764 0.0583
1167 0.0006511568429497921 0.05835000000000001
1168 0.000685682783354928 0.0584
1169 0.0007196102503542431 0.05845
1170 0.000752888231150282 0.0585
1171 0.0007854885491806906 0.05855
1172 0.0008173733187878276 0.05860000000000001
1173 0.0008484732050840376 0.05865
1174 0.0008787379275179207 0.0587
1175 0.0009081127082757527 0.05875
1176 0.0009365619372326904 0.05880000000000001
1177 0.0009640102111739982 0.05885
1178 0.0009903955996482449 0.0589
1179 0.001015668306300467 0.05895
1180 0.001039791481849364 0.059
1181 0.001062717179741313 0.05905000000000001
1182 0.00108438119977706 0.0591
1183 0.001104745423913664 0.05915
1184 0.001123754152934112 0.0592
1185 0.001141361955104469 0.05925
1186 0.001157528832852448 0.05930000000000001
1187 0.001172181568109489 0.05935
1188 0.001185353894494132 0.0594
1189 0.001196969407527236 0.05945
1190 0.001206973032324982 0.0595
1191 0.001215321764000977 0.05955000000000001
1192 0.00122190461241544 0.0596
1193 0.001226890176453216 0.05965
1194 0.001230129078289284 0.0597
1195 0.001231596877076786 0.05975
1196 0.001231300374601412 0.05980000000000001
1197 0.001229210892644948 0.05985
1198 0.001225302271218349 0.0599
1199 0.001219542330010649 0.05995
1200 0.001211925493919624 0.06
1201 0.001202432444486431 0.06005000000000001
1202 0.00119106089980435 0.0601
1203 0.001177799211160838 0.06015
1204 0.001162636477698754 0.0602
1205 0.00114559455599548 0.06025
1206 0.001126658019179019 0.0603
1207 0.001105842699567078 0.06035
1208 0.001083148184187022 0.0604
1209 0.001058565241322596 0.06045
1210 0.001032109074199456 0.06050000000000001
1211 0.00100382253253759 0.06055
1212 0.0009737151154723547 0.0606
1213 0.0009418022608330693 0.06065
1214 0.0009081141279878243 0.0607
1215 0.0008726572352595402 0.06075000000000001
1216 0.0008354792987495031 0.0608
1217 0.0007966087243589876 0.06085
1218 0.0007560778405048292 0.0609
1219 0.0007139483933485533 0.06095
1220 0.0006701851898556556 0.06100000000000001
1221 0.0006249096964895441 0.06105
1222 0.0005781406089752887 0.0611
1223 0.0005299462788318701 0.06115
1224 0.0004803520677790866 0.0612
1225 0.0004294282153524468 0.06125000000000001
1226 0.0003772288531336538 0.0613
1227 0.0003238091145449716 0.06135
1228 0.0002692431995412429 0.0614
1229 0.0002136012854421976 0.06145
1230 0.0001569430204167395 0.06150000000000001
1231 9.933833439099831e-05 0.06155
1232 4.087076895890683e-05 0.0616
1233 -1.841442230298805e-05 0.06165
1234 -7.84356808837636e-05 0.0617
1235 -0.0001391050992017961 0.06175000000000001
1236 -0.0002003354991250115 0.0618
1237 -0.0002620301743757065 0.06185
1238 -0.0003241453751741922 0.0619
1239 -0.0003866269460524371 0.06195000000000001
1240 -0.0004493844131910319 0.062
1241 -0.0005122306639461589 0.06205
1242 -0.0005751601736814705 0.0621
1243 -0.0006379438665555473 0.06215
1244 -0.0007006376985749316 0.06220000000000001
1245 -0.0007631111268246399 0.06225
1246 -0.0008252809549640425 0.0623
1247 -0.0008870395820885686 0.06235
1248 -0.0009482963066750946 0.0624
1249 -0.001008955509741729 0.06245000000000001
1250 -0.001068914727966822 0.0625
1251 -0.001128058398087309 0.06255000000000001
1252 -0.001186284706985886 0.0626
1253 -0.001243541318954197 0.06265
1254 -0.001299807209661193 0.06270000000000001
1255 -0.001354689452705913 0.06275
1256 -0.001408508873470846 0.06280000000000001
1257 -0.00146094664285493 0.06285
1258 -0.001511943942789227 0.0629
1259 -0.001561386757428431 0.06295000000000001
1260 -0.001609210595588089 0.063
1261 -0.001655310429492892 0.06305000000000001
1262 -0.001699594818015626 0.0631
1263 -0.001741951124378526 0.06315
1264 -0.001782297982566768 0.06320000000000001
1265 -0.001820534385834599 0.06325
1266 -0.001856612441610062 0.06330000000000001
1267 -0.001890436198469338 0.06335
1268 -0.001921967479048051 0.0634
1269 -0.001951087548159243 0.06345000000000001
1270 -0.001977740971517921 0.0635
1271 -0.002001871612193988 0.06355000000000001
1272 -0.002023377091491473 0.0636
1273 -0.002042307104987433 0.06365
1274 -0.002058438561486814 0.06370000000000001
1275 -0.002071766298291822 0.06375
1276 -0.002082220807814728 0.06380000000000001
1277 -0.002089756603367742 0.06385
1278 -0.002094390460938715 0.0639
1279 -0.002095966513267156 0.06395000000000001
1280 -0.002094515377778588 0.064
1281 -0.002090046714496915 0.06405000000000001
1282 -0.002082445970687771 0.0641
1283 -0.00207178009222227 0.06415
1284 -0.002057913768094177 0.06420000000000001
1285 -0.00204084126437395 0.06425
1286 -0.002020574148328198 0.06430000000000001
1287 -0.001997124311300925 0.06435
1288 -0.001970497789731273 0.0644
1289 -0.001940667251756332 0.06445000000000001
1290 -0.001907640662227638 0.0645
1291 -0.001871380732881034 0.06455
1292 -0.001831918841432236 0.0646
1293 -0.001789242022662665 0.06465
1294 -0.001743434085843786 0.06470000000000001
1295 -0.001694550168832254 0.06475
1296 -0.001642573681238013 0.0648
1297 -0.001587548480254554 0.06485
1298 -0.001529495769302223 0.0649
1299 -0.001468508753254575 0.06495000000000001
1300 -0.00140462374822829 0.065
1301 -0.00133784520769383 0.06505
1302 -0.001268244820316142 0.06510000000000001
1303 -0.001195897939376767 0.06515
1304 -0.001120829511485579 0.06520000000000001
1305 -0.001043179750918308 0.06525
1306 -0.0009630701703389087 0.0653
1307 -0.0008805530394452515 0.06535000000000001
1308 -0.0007956940352997888 0.0654
1309 -0.0007085733150443884 0.06545000000000001
1310 -0.0006193230851366354 0.0655
1311 -0.0005280408298404989 0.06555
1312 -0.0004347650810404553 0.06560000000000001
1313 -0.0003397169229738905 0.06565
1314 -0.000243028321808284 0.06570000000000001
1315 -0.0001445857307013289 0.06575
1316 -4.473717224507962e-05 0.0658
1317 5.645187038626952e-05 0.06585000000000001
1318 0.0001588247988001944 0.0659
1319 0.0002623173841593441 0.06595000000000001
1320 0.0003667156375690035 0.066
1321 0.0004720746713343873 0.06605
1322 0.0005780327677086148 0.06610000000000001
1323 0.0006844115002826074 0.06615
1324 0.0007911339108120707 0.06620000000000001
1325 0.000897985830427671 0.06625
1326 0.001005022265422747 0.0663
1327 0.001111960570579925 0.06635000000000001
1328 0.001218747765381411 0.0664
1329 0.001325059330161057 0.06645000000000001
1330 0.00143082885254159 0.0665
1331 0.001535739170803163 0.06655
1332 0.001639720483563033 0.06660000000000001
1333 0.001742659202667798 0.06665
1334 0.001844366725999764 0.06670000000000001
1335 0.001944818670312736 0.06675
1336 0.002043542474067032 0.0668
1337 0.002140452514880634 0.06685000000000001
1338 0.002235884150617225 0.0669
1339 0.002329136954377157 0.06695000000000001
1340 0.002420299260146904 0.067
1341 0.00250916898912405 0.06705
1342 0.002595455669518157 0.06710000000000001
1343 0.002679013646257245 0.06715
1344 0.002759687028998571 0.06720000000000001
1345 0.002837367598499375 0.06725
1346 0.002911982373091762 0.0673
1347 0.002983417998901012 0.06735000000000001
1348 0.003051270642190434 0.0674
1349 0.003115710692281477 0.06745000000000001
1350 0.003176364188384901 0.0675
1351 0.003233185538407272 0.06755
1352 0.003286002293386356 0.06760000000000001
1353 0.003334719867061914 0.06765
1354 0.003379256001665963 0.06770000000000001
1355 0.00341936107537025 0.06775
1356 0.003454930635556523 0.0678
1357 0.003486051229740318 0.06785000000000001
1358 0.003512475401827462 0.0679
1359 0.003534089643557134 0.06795
1360 0.003550846643574093 0.068
1361 0.0035626679228419 0.06805
1362 0.003569417189926668 0.06810000000000001
1363 0.003570861279761505 0.06815
1364 0.00356716786130163 0.0682
1365 0.003558346289779025 0.06825000000000001
1366 0.003544260251248775 0.0683
1367 0.003524865830677487 0.06835000000000001
1368 0.003500085793546727 0.0684
1369 0.003469969136385402 0.06845
1370 0.003434427106618487 0.06850000000000001
1371 0.003393423658274554 0.06855
1372 0.00334700298063154 0.06860000000000001
1373 0.003295280968293384 0.06865
1374 0.003238117935665922 0.0687
1375 0.003175410055072666 0.06875000000000001
1376 0.003107176235080515 0.0688
1377 0.00303355813557539 0.06885000000000001
1378 0.002954590761150996 0.0689
1379 0.002870263393949238 0.06895
1380 0.002780773993295021 0.06900000000000001
1381 0.002686038787707425 0.06905
1382 0.002586180819896211 0.06910000000000001
1383 0.002481343198029878 0.06915
1384 0.002371678504240278 0.0692
1385 0.002257140066288941 0.06925000000000001
1386 0.002137852431983976 0.0693
1387 0.002013971921804241 0.06935000000000001
1388 0.001885517830433141 0.0694
1389 0.001752599911387837 0.06945
1390 0.001615357688133298 0.06950000000000001
1391 0.001474162071437519 0.06955
1392 0.001328986345342028 0.06960000000000001
1393 0.001180086924489391 0.06965
1394 0.001027388085947021 0.0697
1395 0.0008712905069178674 0.06975000000000001
1396 0.0007117963928593492 0.0698
1397 0.0005492654537200395 0.06985000000000001
1398 0.0003838828145113148 0.0699
1399 0.0002157398467568424 0.06995
1400 4.506131918665911e-05 0.07000000000000001
1401 -0.0001278493172956818 0.07005
1402 -0.0003028620684081082 0.07010000000000001
1403 -0.0004796819682276457 0.07015
1404 -0.0006580215993342757 0.0702
1405 -0.0008377388389710779 0.07025000000000001
1406 -0.001018454971381469 0.0703
1407 -0.001200075086829299 0.07035000000000001
1408 -0.001382177192275392 0.0704
1409 -0.001564904682867327 0.07045
1410 -0.001747624871866146 0.07050000000000001
1411 -0.001929930657735692 0.07055
1412 -0.002111841563914356 0.07060000000000001
1413 -0.002292877797144115 0.07065
1414 -0.002473055693420265 0.0707
1415 -0.002651962458099425 0.07075000000000001
1416 -0.002829151805163747 0.0708
1417 -0.003004344353517387 0.07085000000000001
1418 -0.003177294775858898 0.0709
1419 -0.003347915471204662 0.07095
1420 -0.003515567679488292 0.07100000000000001
1421 -0.003680386432697585 0.07105
1422 -0.003842180477683272 0.0711
1423 -0.004000456179806099 0.07115
1424 -0.004154979327329739 0.0712
1425 -0.004305536171166862 0.07125000000000001
1426 -0.004451529832205244 0.0713
1427 -0.004592889336539256 0.07135
1428 -0.004729513569008719 0.07140000000000001
1429 -0.004861083681819332 0.07145
1430 -0.004987231909052714 0.07150000000000001
1431 -0.005107641172070937 0.07155
1432 -0.005222120168553606 0.0716
1433 -0.005330519142576015 0.07165000000000001
1434 -0.005432440153199733 0.0717
1435 -0.00552765637449832 0.07175000000000001
1436 -0.005616169678324582 0.0718
1437 -0.005697409636474765 0.07185
1438 -0.005771958548499388 0.07190000000000001
1439 -0.00583886484506398 0.07195
1440 -0.00589830815808362 0.07200000000000001
1441 -0.005949452227013486 0.07205
1442 -0.005992648457987485 0.0721
1443 -0.006027718609748948 0.07215000000000001
1444 -0.006054350409678826 0.0722
1445 -0.006072870089375995 0.07225000000000001
1446 -0.006082725363471224 0.0723
1447 -0.006083615341221112 0.07235
1448 -0.006075872556849394 0.07240000000000001
1449 -0.006058942647247037 0.07245
1450 -0.006033118847401877 0.07250000000000001
1451 -0.005998086005154639 0.07255
1452 -0.005953819559566914 0.0726
1453 -0.00590011505824361 0.07265000000000001
1454 -0.00583709119614298 0.0727
1455 -0.005764960754547481 0.07275000000000001
1456 -0.005683702916711795 0.0728
1457 -0.005593166572960533 0.07285
1458 -0.005493408398764221 0.07290000000000001
1459 -0.005384430781554846 0.07295
1460 -0.00526575193129338 0.07300000000000001
1461 -0.005138056168436148 0.07305
1462 -0.005001322624489478 0.0731
1463 -0.004855361777756446 0.07315000000000001
1464 -0.004700496481766085 0.0732
1465 -0.004536604362782799 0.07325000000000001
1466 -0.004363883174420904 0.0733
1467 -0.004182677918618353 0.07335
1468 -0.003993043890744403 0.07340000000000001
1469 -0.003795237841151369 0.07345
1470 -0.003589175093874354 0.07350000000000001
1471 -0.003375221504738681 0.07355
1472 -0.003153299215019603 0.0736
1473 -0.002924071621544843 0.07365000000000001
1474 -0.002687538807441348 0.0737
1475 -0.002444199213432166 0.07375000000000001
1476 -0.002193919770014398 0.0738
1477 -0.001937160570319545 0.07385
1478 -0.001674606493101921 0.07390000000000001
1479 -0.001406284791657983 0.07395
1480 -0.001132107507795717 0.07400000000000001
1481 -0.0008527816779362544 0.07405
1482 -0.0005687221073089725 0.0741
1483 -0.0002802504577460474 0.07415000000000001
1484 1.284920381521933e-05 0.0742
1485 0.0003098027730954058 0.07425000000000001
1486 0.0006101973848102277 0.0743
1487 0.000913747346760527 0.07435
1488 0.001219738318486033 0.07440000000000001
1489 0.001527976890039507 0.07445
1490 0.001838089801560796 0.0745
1491 0.002149535487998613 0.07455000000000001
1492 0.002461924814221625 0.0746
1493 0.002774959086044814 0.07465000000000001
1494 0.003087398189230834 0.0747
1495 0.00339978148642771 0.07475
1496 0.003710947531095732 0.07480000000000001
1497 0.00402064770119488 0.07485
1498 0.004328548850643895 0.07490000000000001
1499 0.00463419837294513 0.07495
1500 0.004936618283852383 0.075
1501 0.005236116577940987 0.07505000000000001
1502 0.005531459356017148 0.0751
1503 0.005822043178495463 0.07515000000000001
1504 0.006108119801365373 0.0752
1505 0.006388297467464389 0.07525
1506 0.006663466141949868 0.07530000000000001
1507 0.006932218195047051 0.07535
1508 0.007194356510321973 0.07540000000000001
1509 0.007449203600650011 0.07545
1510 0.007696121857468543 0.0755
1511 0.007935138537612636 0.07555000000000001
1512 0.008165590545931741 0.0756
1513 0.008387090909655682 0.07565000000000001
1514 0.008599653012531606 0.0757
1515 0.008801743466909973 0.07575
1516 0.008993399554958549 0.07580000000000001
1517 0.009174450450437627 0.07585
1518 0.009344675432952039 0.07590000000000001
1519 0.009502620339687524 0.07595
1520 0.00964908612903659 0.076
1521 0.009783115056823813 0.07605000000000001
1522 0.00990455723080093 0.0761
1523 0.01001279503078985 0.07615000000000001
1524 0.01010742392636905 0.0762
1525 0.01018887098797718 0.07625
1526 0.01025602351268695 0.07630000000000001
1527 0.01030892561182375 0.07635
1528 0.01034730660143929 0.07640000000000001
1529 0.01037144895326106 0.07645
1530 0.0103803060738765 0.0765
1531 0.01037384958685529 0.07655000000000001
1532 0.01035169346866311 0.0766
1533 0.01031421639774655 0.07665000000000001
1534 0.01026097635931752 0.0767
1535 0.01019202715805212 0.07675
1536 0.0101071466700618 0.07680000000000001
1537 0.01000601992196749 0.07685
1538 0.009888953337272341 0.07690000000000001
1539 0.009755507060621203 0.07695
1540 0.009605704486394182 0.077
1541 0.009439826495876569 0.07705000000000001
1542 0.00925797400804206 0.0771
1543 0.009059711194293255 0.07715000000000001
1544 0.008845841513131893 0.0772
1545 0.00861599844006731 0.07725
1546 0.008370404677954161 0.07730000000000001
1547 0.008108968538495839 0.07735
1548 0.007831716619080116 0.07740000000000001
1549 0.007539170396968897 0.07745
1550 0.007231385958699005 0.0775
1551 0.006909044692421828 0.07755000000000001
1552 0.006571883256385662 0.0776
1553 0.0062205649184649 0.07765
1554 0.005855120787798312 0.07770000000000001
1555 0.005476733436668973 0.07775
1556 0.005085134372178582 0.07780000000000001
1557 0.004680570868919353 0.07785
1558 0.004263783044231153 0.0779
1559 0.003834732590232634 0.07795000000000001
1560 0.003394106033124926 0.078
1561 0.002942324934234485 0.07805000000000001
1562 0.002480537011787014 0.0781
1563 0.002008636867344558 0.07815
1564 0.0015278508412651 0.07820000000000001
1565 0.001038671698831066 0.07825
1566 0.0005411623897824616 0.07830000000000001
1567 3.70229286996368e-05 0.07835
1568 -0.0004746261623264023 0.0784
1569 -0.0009927530979685058 0.07845000000000001
1570 -0.001516589006745749 0.0785
1571 -0.002045109092953138 0.07855000000000001
1572 -0.002577028370484393 0.0786
1573 -0.00311211372694666 0.07865
1574 -0.003650044680179173 0.07870000000000001
1575 -0.004188989149004606 0.07875
1576 -0.004729087093280249 0.07880000000000001
1577 -0.005269507269959563 0.07885
1578 -0.005808860967411085 0.0789
1579 -0.006346935277184627 0.07895000000000001
1580 -0.006882417134456734 0.079
1581 -0.007414367772225092 0.07905000000000001
1582 -0.007942382343984427 0.0791
1583 -0.008464788932910876 0.07915
1584 -0.008981016267223472 0.07920000000000001
1585 -0.00949109969087975 0.07925
1586 -0.009993271232832999 0.07930000000000001
1587 -0.0104871921947398 0.07935
1588 -0.01097150197268586 0.0794
1589 -0.01144489581974775 0.07945000000000001
1590 -0.01190790315840393 0.0795
1591 -0.0123597457414801 0.07955000000000001
1592 -0.01279879627266917 0.0796
1593 -0.01322338141927647 0.07965
1594 -0.01363216587987761 0.07970000000000001
1595 -0.01402585381474258 0.07975
1596 -0.01440240635598387 0.07980000000000001
1597 -0.01476259184379701 0.07985
1598 -0.01510577567687245 0.0799
1599 -0.015431809977606 0.07995000000000001
1600 -0.01573819893224612 0.08
1601 -0.01602479561341177 0.08005000000000001
1602 -0.01628952845918999 0.0801
1603 -0.01653249062445944 0.08015
1604 -0.01675357680777165 0.08020000000000001
1605 -0.01695185360150514 0.08025
1606 -0.01712724535726001 0.08030000000000001
1607 -0.01727811591535015 0.08035
1608 -0.01740443575981371 0.0804
1609 -0.01750478130689636 0.08045000000000001
1610 -0.01758006683359946 0.0805
1611 -0.01762822582551275 0.08055000000000001
1612 -0.01765135557276692 0.0806
1613 -0.01764628317955761 0.08065
1614 -0.01761510393645761 0.08070000000000001
1615 -0.0175547218814552 0.08075
1616 -0.0174669123784713 0.08080000000000001
1617 -0.0173507630141351 0.08085000000000001
1618 -0.01720691923543461 0.0809
1619 -0.01703369239208072 0.08095000000000001
1620 -0.01683220399397347 0.081
1621 -0.016601897124029 0.08105
1622 -0.01634302790796979 0.08110000000000001
1623 -0.01605501052232021 0.08115
1624 -0.01573791647336796 0.08120000000000001
1625 -0.01539125657725733 0.08125
1626 -0.01501671887520413 0.0813
1627 -0.01461434604382387 0.08135000000000001
1628 -0.01418268115159891 0.0814
1629 -0.01372407578099967 0.08145000000000001
1630 -0.01323661588626073 0.0815
1631 -0.01272187679619383 0.08155
1632 -0.01218023092687026 0.08160000000000001
1633 -0.01161181603101889 0.08165
1634 -0.01101732883784674 0.08170000000000001
1635 -0.01039738634279214 0.08175
1636 -0.009752099271134058 0.0818
1637 -0.009082501722377803 0.08185000000000001
1638 -0.008389974123802829 0.0819
1639 -0.007674872916330302 0.08195000000000001
1640 -0.006939598148845293 0.082
1641 -0.006181200492432551 0.08205
1642 -0.005402252438545581 0.08210000000000001
1643 -0.004603292874150035 0.08215
1644 -0.003785917949302459 0.08220000000000001
1645 -0.002951314051532718 0.08225
1646 -0.002100517744710821 0.0823
1647 -0.001235958726633573 0.08235000000000001
1648 -0.0003578550493561396 0.0824
1649 0.0005333725795286777 0.08245000000000001
1650 0.001436809203020704 0.0825
1651 0.002349775235890333 0.08255
1652 0.003272155594834478 0.08260000000000001
1653 0.004202160189753502 0.08265
1654 0.005139287694384545 0.08270000000000001
1655 0.006079559293026443 0.08275
1656 0.007022741212527365 0.0828
1657 0.007968867513164102 0.08285000000000001
1658 0.008916758715962881 0.0829
1659 0.009861099130652699 0.08295000000000001
1660 0.01080134492978807 0.083
1661 0.01173738065594358 0.08305
1662 0.01266611115995303 0.08310000000000001
1663 0.01358732949779524 0.08315
1664 0.01450297001660254 0.08320000000000001
1665 0.0154043450939221 0.08325
1666 0.01629217660795818 0.0833
1667 0.01716545187603066 0.08335000000000001
1668 0.01802644180063039 0.0834
1669 0.01886806006556366 0.08345000000000001
1670 0.01969126435562379 0.0835
1671 0.02049001604525155 0.08355
1672 0.02126704048428215 0.08360000000000001
1673 0.02201719479134196 0.08365
1674 0.02274052871227289 0.08370000000000001
1675 0.02343784525017522 0.08375
1676 0.02410646540366305 0.0838
1677 0.024746034944872 0.08385000000000001
1678 0.0253550187828776 0.0839
1679 0.0259289255585032 0.08395000000000001
1680 0.02646653861086277 0.08400000000000001
1681 0.02696692240197726 0.08405
1682 0.02742959819166277 0.08410000000000001
1683 0.02785234830262693 0.08415
1684 0.0282338734550592 0.08420000000000001
1685 0.02857409741743403 0.08425000000000001
1686 0.02887132964297607 0.0843
1687 0.02912385880786237 0.08435000000000001
1688 0.02933163659149659 0.0844
1689 0.02949419888037559 0.08445
1690 0.0296077005615526 0.08450000000000001
1691 0.02967257173191229 0.08455
1692 0.02968773110982333 0.08460000000000001
1693 0.02965268063842461 0.08465
1694 0.0295669273855937 0.0847
1695 0.02943087736089058 0.08475000000000001
1696 0.02924170967256147 0.0848
1697 0.0290018129369677 0.08485000000000001
1698 0.02871124433396148 0.0849
1699 0.02836706247253056 0.08495
1700 0.02797178473850407 0.08500000000000001
1701 0.02752022084707497 0.08505
1702 0.02701768297268281 0.08510000000000001
1703 0.02646331658799648 0.08515
1704 0.02585492597443509 0.0852
1705 0.02519201058748668 0.08525000000000001
1706 0.02447942812269514 0.0853
1707 0.02371467695693106 0.08535000000000001
1708 0.02289853324151063 0.0854
1709 0.02203013670931024 0.08545
1710 0.02111266860133158 0.08550000000000001
1711 0.02014640991095066 0.08555
1712 0.01913281397509609 0.08560000000000001
1713 0.01807206939839056 0.08565
1714 0.01696401180231681 0.0857
1715 0.01580995990900992 0.08575000000000001
1716 0.01461352645867033 0.0858
1717 0.01337435080268813 0.08585000000000001
1718 0.01209301147188403 0.0859
1719 0.01077504772807267 0.08595
1720 0.009420933312428815 0.08600000000000001
1721 0.008031416268946068 0.08605
1722 0.00660697288757602 0.08610000000000001
1723 0.005151898491050895 0.08615
1724 0.00366614313801856 0.0862
1725 0.002153914958896379 0.08625000000000001
1726 0.0006149934444847451 0.0863
1727 -0.0009470833849446391 0.08635000000000001
1728 -0.002528900058618803 0.0864
1729 -0.004127623466567443 0.08645
1730 -0.005741960023436105 0.08650000000000001
1731 -0.007366073717836865 0.08655
1732 -0.008998394508295799 0.08660000000000001
1733 -0.01063771235972531 0.08665
1734 -0.01228169443688585 0.0867
1735 -0.01392494073433669 0.08675000000000001
1736 -0.01556612408301633 0.0868
1737 -0.01720319648249191 0.08685000000000001
1738 -0.01883321419214208 0.08690000000000001
1739 -0.02045023143522145 0.08695
1740 -0.02205048061751649 0.08700000000000001
1741 -0.0236300824518263 0.08705
1742 -0.02518759739806623 0.08710000000000001
1743 -0.02672060218149539 0.08715000000000001
1744 -0.02822769001496625 0.0872
1745 -0.02970403437570205 0.08725000000000001
1746 -0.0311450648883429 0.0873
1747 -0.03255277944663328 0.08735000000000001
1748 -0.03391393858743979 0.08740000000000001
1749 -0.03522702425021106 0.08745
1750 -0.03649513099482846 0.08750000000000001
1751 -0.03771129705029324 0.08755
1752 -0.03887360333500497 0.0876
1753 -0.03998271339537565 0.08765000000000001
1754 -0.04103209918594372 0.0877
1755 -0.04202142969140572 0.08775000000000001
1756 -0.04294349022016616 0.0878
1757 -0.04379748227566202 0.08785
1758 -0.04457865659696413 0.08790000000000001
1759 -0.0452932765080957 0.08795
1760 -0.04593182788064237 0.08800000000000001
1761 -0.04649151892643077 0.08805
1762 -0.04696860833637623 0.0881
1763 -0.04736317837703356 0.08815000000000001
1764 -0.04767448981975628 0.0882
1765 -0.0478994949476106 0.08825000000000001
1766 -0.048037491008246 0.0883
1767 -0.04808400657753738 0.08835
1768 -0.0480451521923052 0.08840000000000001
1769 -0.0479199423887022 0.08845
1770 -0.04769594767879788 0.08850000000000001
1771 -0.04738123326575829 0.08855
1772 -0.04697123520949782 0.0886
1773 -0.04646922268966047 0.08865000000000001
1774 -0.04587287572022506 0.0887
1775 -0.04518263255302923 0.08875000000000001
1776 -0.04439710466201769 0.0888
1777 -0.04351406123857565 0.08885
1778 -0.04253952180177177 0.08890000000000001
1779 -0.04147228876829167 0.08895
1780 -0.04030989153960592 0.08900000000000001
1781 -0.03905993701836268 0.08905
1782 -0.03772269710680368 0.0891
1783 -0.03629320530754818 0.08915000000000001
1784 -0.03477263482116922 0.0892
1785 -0.03316603071010731 0.08925000000000001
1786 -0.03147249053103592 0.0893
1787 -0.02969261432778221 0.08935
1788 -0.02783705775236805 0.08940000000000001
1789 -0.02590660817348879 0.08945
1790 -0.02390173898384469 0.08950000000000001
1791 -0.0218252844955622 0.08955
1792 -0.01967763464882344 0.0896
1793 -0.01746018452034115 0.08965000000000001
1794 -0.01517703426488381 0.0897
1795 -0.01283356618427905 0.08975000000000001
1796 -0.0104379541747925 0.0898
1797 -0.007993352660296982 0.08985
1798 -0.00550737766125726 0.08990000000000001
1799 -0.002977405001698903 0.08995
1800 -0.0004031818889278585 0.09000000000000001
1801 0.00220083753803122 0.09005000000000001
1802 0.004835025199714771 0.0901
1803 0.007494834777448357 0.09015000000000001
1804 0.01017393848626848 0.0902
1805 0.01286775045083223 0.09025000000000001
1806 0.0155712678987767 0.09030000000000001
1807 0.01826973479356068 0.09035
1808 0.02096516847766931 0.09040000000000001
1809 0.02365066193384744 0.09045
1810 0.02632526673667495 0.09050000000000001
1811 0.02898269671474655 0.09055000000000001
1812 0.03161821802026647 0.0906
1813 0.03422305797723196 0.09065000000000001
1814 0.03677718153528838 0.0907
1815 0.0392858823385193 0.09075000000000001
1816 0.04175095560376559 0.09080000000000001
1817 0.04416929176530611 0.09085
1818 0.04652436891307486 0.09090000000000001
1819 0.0488112789690951 0.09095
1820 0.05102408648080835 0.091
1821 0.05315942587283982 0.09105000000000001
1822 0.05519922166474075 0.0911
1823 0.05716122951417304 0.09115000000000001
1824 0.05902770246691329 0.0912
1825 0.0607983189293847 0.09125
1826 0.06247387130747824 0.09130000000000001
1827 0.06403035599664111 0.09135
1828 0.06547330052247595 0.09140000000000001
1829 0.06679685427023652 0.09145
1830 0.06799888029067493 0.0915
1831 0.06906905092958823 0.09155000000000001
1832 0.07000804631636971 0.0916
1833 0.07082178833486111 0.09165000000000001
1834 0.07149953256068696 0.0917
1835 0.072037827395129 0.09175
1836 0.07243022638957787 0.09180000000000001
1837 0.07267959124904026 0.09185
1838 0.07277636277639658 0.09190000000000001
1839 0.07272366297612956 0.09195
1840 0.07252074360042737 0.092
1841 0.0721662635735581 0.09205000000000001
1842 0.0716563185344718 0.0921
1843 0.07099477225393785 0.09215000000000001
1844 0.07017600710714413 0.0922
1845 0.06919770142441274 0.09225
1846 0.06806673899673991 0.09230000000000001
1847 0.06679047176592323 0.09235
1848 0.06536200450703068 0.09240000000000001
1849 0.06377956177229196 0.09245
1850 0.06204544904428741 0.0925
1851 0.06015902435470458 0.09255000000000001
1852 0.0581300267079819 0.0926
1853 0.055957737329309 0.09265000000000001
1854 0.05364342703171174 0.0927
1855 0.05119163126898504 0.09275
1856 0.04860447428069514 0.09280000000000001
1857 0.04588495917580877 0.09285
1858 0.04304150110108043 0.09290000000000001
1859 0.04006809193419725 0.09295
1860 0.03697611631281044 0.093
1861 0.0337767326441478 0.09305000000000001
1862 0.03047066378319572 0.0931
1863 0.02706152801176719 0.09315000000000001
1864 0.02354970078686345 0.09320000000000001
1865 0.01994449083732185 0.09325
1866 0.01624987870387467 0.09330000000000001
1867 0.01248108968986208 0.09335
1868 0.008645198007054844 0.09340000000000001
1869 0.004752578790133915 0.09345000000000001
1870 0.0008096059079369745 0.0935
1871 -0.003166919409447804 0.09355000000000001
1872 -0.007180797487840176 0.0936
1873 -0.01123227840721399 0.09365000000000001
1874 -0.01530630117747407 0.09370000000000001
1875 -0.01939163913846765 0.09375
1876 -0.02347606076555405 0.09380000000000001
1877 -0.0275448942616134 0.09385
1878 -0.03158655435875141 0.09390000000000001
1879 -0.03559576770403794 0.09395000000000001
1880 -0.03957306394084379 0.094
1881 -0.04350769497205086 0.09405000000000001
1882 -0.04739675261559499 0.0941
1883 -0.05121777548943864 0.09415
1884 -0.05495340606617043 0.09420000000000001
1885 -0.0586044963501015 0.09425
1886 -0.06215727608518032 0.09430000000000001
1887 -0.06561833766153431 0.09435
1888 -0.06899263740447394 0.0944
1889 -0.07226590041528227 0.09445000000000001
1890 -0.07539262662820496 0.0945
1891 -0.07838216820381953 0.09455000000000001
1892 -0.08121348159673868 0.0946
1893 -0.08390350601712017 0.09465
1894 -0.08643390842554433 0.09470000000000001
1895 -0.08879495131639586 0.09475
1896 -0.09098443738604092 0.09480000000000001
1897 -0.09298684181781067 0.09485
1898 -0.09480499889851157 0.0949
1899 -0.09643129252626587 0.09495000000000001
1900 -0.09787000195318779 0.095
1901 -0.09909436572999614 0.09505000000000001
1902 -0.1001047019103176 0.0951
1903 -0.100902395282387 0.09515
1904 -0.1014830288041888 0.09520000000000001
1905 -0.1018483108876426 0.09525
1906 -0.1019923876890479 0.09530000000000001
1907 -0.101919229510836 0.09535
1908 -0.1016226985538985 0.0954
1909 -0.1010965145618444 0.09545000000000001
1910 -0.1003388307453481 0.0955
1911 -0.09935561908817836 0.09555000000000001
1912 -0.09814680097867898 0.0956
1913 -0.09670794344853362 0.09565
1914 -0.0950393957981983 0.09570000000000001
1915 -0.09314041053789619 0.09575
1916 -0.09101459430454527 0.09580000000000001
1917 -0.08866702914181104 0.09585
1918 -0.08610713190077857 0.0959
1919 -0.08333905218915348 0.09595000000000001
1920 -0.08035921662476835 0.096
1921 -0.07717572059904156 0.09605000000000001
1922 -0.07379125951478878 0.0961
1923 -0.07020433128653795 0.09615
1924 -0.06642893865691882 0.09620000000000001
1925 -0.06246740453981626 0.09625
1926 -0.05832645990022292 0.09630000000000001
1927 -0.05402257376253423 0.09635000000000001
1928 -0.04955840287284307 0.0964
1929 -0.04493612260952678 0.09645000000000001
1930 -0.04017199243173679 0.0965
1931 -0.03527644195866949 0.09655000000000001
1932 -0.03025776399918394 0.09660000000000001
1933 -0.0251149882814279 0.09665
1934 -0.01985634816785287 0.09670000000000001
1935 -0.01449744331074143 0.09675
1936 -0.009066354011560871 0.09680000000000001
1937 -0.003579395516740042 0.09685000000000001
1938 0.001963032283480323 0.0969
1939 0.007552650575051528 0.09695000000000001
1940 0.01315570977793174 0.097
1941 0.0187870301837565 0.09705000000000001
1942 0.02442256413066315 0.09710000000000001
1943 0.03007275242172095 0.09715
1944 0.03568970261012361 0.09720000000000001
1945 0.04127251594681916 0.09725
1946 0.04678200534825928 0.09730000000000001
1947 0.05223514363455459 0.09735000000000001
1948 0.0576036839115704 0.0974
1949 0.06290174126085654 0.09745000000000001
1950 0.06809653153613675 0.0975
1951 0.07318570052738951 0.09755
1952 0.07815376167458377 0.09760000000000001
1953 0.08296617202565559 0.09765
1954 0.08762257917175903 0.09770000000000001
1955 0.09209711733389193 0.09775
1956 0.09640638611257278 0.0978
1957 0.1005346270362519 0.09785000000000001
1958 0.1044694805044636 0.0979
1959 0.1082024260829669 0.09795000000000001
1960 0.1117089568012646 0.098
1961 0.1149856343047293 0.09805
1962 0.1180154484477843 0.09810000000000001
1963 0.1207898812338039 0.09815
1964 0.1233001408408435 0.09820000000000001
1965 0.125544915945319 0.09825
1966 0.1275204102293487 0.0983
1967 0.129198471165404 0.09835000000000001
1968 0.1306067192353275 0.0984
1969 0.131714335225689 0.09845000000000001
1970 0.1325184084289601 0.0985
1971 0.1330266112887817 0.09855
1972 0.1332404525257116 0.09860000000000001
1973 0.1331504342737211 0.09865
1974 0.1327538126293093 0.09870000000000001
1975 0.1320397929833291 0.09875
1976 0.1310219240426261 0.0988
1977 0.1296970796490833 0.09885000000000001
1978 0.1280632965333623 0.0989
1979 0.1261182847247917 0.09895000000000001
1980 0.1238680922000568 0.099
1981 0.121318196468938 0.09905
1982 0.1184656571650547 0.09910000000000001
1983 0.1153199487515144 0.09915
1984 0.1118871727110358 0.09920000000000001
1985 0.1081684132317061 0.09925
1986 0.104168142237332 0.0993
1987 0.09989787283054423 0.09935000000000001
1988 0.09537129331483085 0.0994
1989 0.09059153470787085 0.09945000000000001
1990 0.08556754636770825 0.09950000000000001
1991 0.08031733275128351 0.09955
1992 0.07484337418158332 0.09960000000000001
1993 0.06914219907978578 0.09965
1994 0.06322483494035749 0.09970000000000001
1995 0.05711531072607704 0.09975000000000001
1996 0.05080821911713713 0.0998
1997 0.04435687483284385 0.09985000000000001
1998 0.03776482045809402 0.0999
1999 0.03104306652349978 0.09995000000000001
2000 0.02419268683654939 0.1
2001 0.01721233224830609 0.10005
2002 0.01013602522748256 0.1001
2003 0.003000127477650335 0.10015
2004 -0.004185605959486455 0.1002
2005 -0.01140844581912108 0.10025
2006 -0.01864052864917687 0.1003
2007 -0.02586602996810877 0.10035
2008 -0.03307480385682379 0.1004
2009 -0.04027086857655927 0.10045
2010 -0.0474108551228398 0.1005
2011 -0.05450150517586405 0.10055
2012 -0.06149852287922964 0.1006
2013 -0.06839039796141008 0.10065
2014 -0.07515783992837505 0.1007
2015 -0.08179139329346546 0.10075
2016 -0.08827854606473537 0.1008
2017 -0.09461208957212514 0.10085
2018 -0.1007658522165289 0.1009
2019 -0.1067213629658157 0.10095
2020 -0.1124501386257133 0.101
2021 -0.1179324010578224 0.10105
2022 -0.1231578519645024 0.1011
2023 -0.1281209548945814 0.10115
2024 -0.1328015610615302 0.1012
2025 -0.1371809113710124 0.10125
2026 -0.1412832803417743 0.1013
2027 -0.1450904779669185 0.10135
2028 -0.148565870673925 0.1014
2029 -0.1517090012802308 0.10145
2030 -0.1544872430528186 0.1015
2031 -0.1569087970494998 0.10155
2032 -0.1589686391406872 0.1016
2033 -0.1606644562978246 0.10165
2034 -0.1619823743332778 0.1017
2035 -0.1629230522869219 0.10175
2036 -0.1634883336394194 0.1018
2037 -0.1636863246676353 0.10185
2038 -0.1634968911903362 0.1019
2039 -0.1629187931937778 0.10195
2040 -0.1619452456198296 0.102
2041 -0.1605755983901186 0.10205
2042 -0.1588178663531258 0.1021
2043 -0.1566758686266905 0.10215
2044 -0.1541582066625552 0.1022
2045 -0.151257522233267 0.10225
2046 -0.1479897251459759 0.1023
2047 -0.144352060534477 0.10235
2048 -0.1403365433568369 0.1024
2049 -0.1359669500824352 0.10245
2050 -0.1312592632991669 0.1025
2051 -0.1262220679808062 0.10255
2052 -0.1208582204867269 0.1026
2053 -0.1151667465751873 0.10265
2054 -0.1091662545092861 0.1027
2055 -0.1028647754101645 0.10275
2056 -0.09629950784970728 0.1028
2057 -0.08947866164956954 0.10285
2058 -0.08241189015078129 0.1029
2059 -0.07509446679714461 0.10295
2060 -0.06754018198854105 0.103
2061 -0.05976058508059155 0.10305
2062 -0.05181190077264067 0.1031
2063 -0.04370042243822179 0.10315
2064 -0.03544847604972694 0.1032
2065 -0.02706124669135565 0.10325
2066 -0.01857430081916566 0.1033
2067 -0.00997021126973993 0.10335
2068 -0.001289418594226048 0.1034
2069 0.007439866801977692 0.10345
2070 0.01618403221913076 0.1035
2071 0.02492225335731894 0.10355
2072 0.03363715265588005 0.1036
2073 0.04230267890920912 0.10365
2074 0.0509068047094 0.1037
2075 0.05948841049497991 0.10375
2076 0.06796378085112109 0.1038
2077 0.0763097411284496 0.10385
2078 0.08449401730851737 0.1039
2079 0.0924950061888416 0.10395
2080 0.1003008217622125 0.104
2081 0.1078892878362416 0.10405
2082 0.1152677144107478 0.1041
2083 0.1224118548182266 0.10415
2084 0.1292973251800494 0.1042
2085 0.1359120110149265 0.10425
2086 0.1422350884135627 0.1043
2087 0.1482258400599287 0.10435
2088 0.1538570535478619 0.1044
2089 0.1591340463667993 0.10445
2090 0.1640380166455451 0.1045
2091 0.1685657918009126 0.10455
2092 0.1727175831360402 0.1046
2093 0.1764723909805218 0.10465
2094 0.179796288378254 0.1047
2095 0.1826937594578883 0.10475
2096 0.1851579237155736 0.1048
2097 0.187192806887757 0.10485
2098 0.1887821438651152 0.1049
2099 0.1899225987554932 0.10495
2100 0.1906038471346292 0.105
2101 0.1908303150914928 0.10505
2102 0.1906107511599582 0.1051
2103 0.1899378885305469 0.10515
2104 0.1887792447560293 0.1052
2105 0.1871583340853131 0.10525
2106 0.185093609215248 0.1053
2107 0.1825794849177935 0.10535
2108 0.1796319479994093 0.1054
2109 0.1762430816820427 0.10545
2110 0.1724161622565922 0.1055
2111 0.1681323454117004 0.10555
2112 0.1634143035700839 0.1056
2113 0.1582708424722834 0.10565
2114 0.152743450759855 0.1057
2115 0.1468299974261962 0.10575
2116 0.1405426111698026 0.1058
2117 0.1338974536654132 0.10585
2118 0.1268982567763882 0.1059
2119 0.1195520467700557 0.10595
2120 0.111907525661164 0.106
2121 0.1039823196428128 0.10605
2122 0.09577735572894441 0.1061
2123 0.08728412780048034 0.10615
2124 0.0785362677051831 0.1062
2125 0.0695412811872464 0.10625
2126 0.06034212136510211 0.1063
2127 0.05097161487336587 0.10635
2128 0.04143007881439849 0.1064
2129 0.03173563766910492 0.10645
2130 0.02193819506992461 0.1065
2131 0.0120566835028767 0.10655
2132 0.002094415504806899 0.1066
2133 -0.007934108998717517 0.10665
2134 -0.01795468509092913 0.1067
2135 -0.02798799035171675 0.10675
2136 -0.03797324672536934 0.1068
2137 -0.04791062918158784 0.10685
2138 -0.05776994415225805 0.1069
2139 -0.06753635956532129 0.10695
2140 -0.07716828582347506 0.107
2141 -0.08666945146438694 0.10705
2142 -0.09596871286537141 0.1071
2143 -0.1050391812577878 0.10715
2144 -0.113877532650085 0.1072
2145 -0.1224661286386975 0.10725
2146 -0.130783663318017 0.1073
2147 -0.1387847279735974 0.10735
2148 -0.1464705573032232 0.1074
2149 -0.1538572351634072 0.10745
2150 -0.1608892808895699 0.1075
2151 -0.1675473843523012 0.10755
2152 -0.1738025867169921 0.1076
2153 -0.1796438473848495 0.10765
2154 -0.1850365495937963 0.1077
2155 -0.1899483395570462 0.10775
2156 -0.1944049220940063 0.1078
2157 -0.1984442489004178 0.10785
2158 -0.2020105801827112 0.1079
2159 -0.2051061042394906 0.10795
2160 -0.2076993780295466 0.108
2161 -0.2097920955344366 0.10805
2162 -0.2113851745372521 0.1081
2163 -0.2124385449631138 0.10815
2164 -0.2129625772751563 0.1082
2165 -0.2129812723311083 0.10825
2166 -0.2124711429391934 0.1083
2167 -0.2114485420406969 0.10835
2168 -0.2099087787680935 0.1084
2169 -0.2078477591251585 0.10845
2170 -0.2052663257964889 0.1085
2171 -0.2021780519940045 0.10855
2172 -0.1985981242175654 0.1086
2173 -0.1945565074888427 0.10865
2174 -0.1900301140664614 0.1087
2175 -0.1850251488478162 0.10875
2176 -0.1795221749570692 0.1088
2177 -0.1735691443998325 0.10885
2178 -0.1671643215179413 0.1089
2179 -0.1603592657276213 0.10895
2180 -0.1531649192455174 0.109
2181 -0.1455746938745847 0.10905
2182 -0.1376050122888997 0.1091
2183 -0.1292592116444924 0.10915
2184 -0.120573623769951 0.1092
2185 -0.1115845052006849 0.10925
2186 -0.1023131629013707 0.1093
2187 -0.09276606051175992 0.10935
2188 -0.0829586102513357 0.1094
2189 -0.07287536783129232 0.10945
2190 -0.06259357611260538 0.1095
2191 -0.05211627598758793 0.10955
2192 -0.04148195733752004 0.1096
2193 -0.03072115539974921 0.10965
2194 -0.01985375128597733 0.1097
2195 -0.008911937848102253 0.10975
2196 0.002087622287373601 0.1098
2197 0.01315139891359345 0.10985
2198 0.02423261962128577 0.1099
2199 0.03527057051692883 0.10995
2200 0.04622353756447808 0.11
2201 0.05710109094547339 0.11005
2202 0.06786226475217309 0.1101
2203 0.07846571125395775 0.11015
2204 0.08890683392676524 0.1102
2205 0.09918621307026802 0.11025
2206 0.1092429328735711 0.1103
2207 0.1190367387584716 0.11035
2208 0.1285497603144423 0.1104
2209 0.1377543072180691 0.11045
2210 0.1466311179533381 0.1105
2211 0.155158783708522 0.11055
2212 0.1633260443085227 0.1106
2213 0.1711077167553486 0.11065
2214 0.1785066891924856 0.1107
2215 0.1854527641692192 0.11075
2216 0.1919580763295923 0.1108
2217 0.197993363501547 0.11085
2218 0.2035315706839918 0.1109
2219 0.208559560688842 0.11095
2220 0.2130639633052516 0.111
2221 0.2170507173749916 0.11105
2222 0.2205157686099529 0.1111
2223 0.2234883666522912 0.11115
2224 0.2259531941418782 0.1112
2225 0.2278290868713001 0.11125
2226 0.2291337898640671 0.1113
2227 0.229855705328109 0.11135
2228 0.2300030038807747 0.1114
2229 0.2295797107659407 0.11145
2230 0.2285983503852909 0.1115
2231 0.2270435043104088 0.11155
2232 0.2249227308596543 0.1116
2233 0.222272590675445 0.11165
2234 0.2190557913196579 0.1117
2235 0.2152890130386742 0.11175
2236 0.2109815733203129 0.1118
2237 0.2061583816745777 0.11185
2238 0.2008418572116788 0.1119
2239 0.1950030879091162 0.11195
2240 0.1887044406486796 0.112
2241 0.1819239757023039 0.11205
2242 0.1746689996803086 0.1121
2243 0.1669887880842102 0.11215
2244 0.1589155112396149 0.1122
2245 0.150415099125416 0.11225
2246 0.1415368408591764 0.1123
2247 0.1322898082499137 0.11235
2248 0.1226932653659639 0.1124
2249 0.1127843786352641 0.11245
2250 0.1025680595814975 0.1125
2251 0.09209186825537999 0.11255
2252 0.08134575981542712 0.1126
2253 0.07035327365961574 0.11265
2254 0.05916914071885869 0.1127
2255 0.0478017736235842 0.11275
2256 0.03630400046427575 0.1128
2257 0.02469641425242076 0.11285
2258 0.01298344769471444 0.1129
2259 0.001217212875803326 0.11295
2260 -0.01057978183745348 0.113
2261 -0.02241174601586806 0.11305
2262 -0.0342221552097115 0.1131
2263 -0.04594001846559389 0.11315
2264 -0.05755705892607319 0.1132
2265 -0.06905169941655065 0.11325
2266 -0.08037799994136602 0.1133
2267 -0.09153866784488922 0.11335
2268 -0.1025158609042306 0.1134
2269 -0.1132557579213393 0.11345
2270 -0.1237042627118778 0.1135
2271 -0.1338557223941371 0.11355
2272 -0.1436903375045295 0.1136
2273 -0.1531860064241236 0.11365
2274 -0.1622929869654379 0.1137
2275 -0.1710038769347951 0.11375
2276 -0.1793165775355955 0.1138
2277 -0.1872058636773456 0.11385
2278 -0.1946449432977537 0.1139
2279 -0.2015992625619794 0.11395
2280 -0.2080400368395792 0.114
2281 -0.2139784293719112 0.11405
2282 -0.2193732615028113 0.1141
2283 -0.2242121451437483 0.11415
2284 -0.2284934772251899 0.1142
2285 -0.2322077299923678 0.11425
2286 -0.2353389857946112 0.1143
2287 -0.237891070637796 0.11435
2288 -0.2399195570902837 0.1144
2289 -0.2413693550034758 0.11445
2290 -0.24217736476366 0.1145
2291 -0.2423766757257024 0.11455
2292 -0.2419764638335458 0.1146
2293 -0.2409681551199083 0.11465
2294 -0.2393460864885785 0.1147
2295 -0.2371234865387522 0.11475
2296 -0.2343030946277087 0.1148
2297 -0.2309310778566915 0.11485
2298 -0.2269776188793456 0.1149
2299 -0.2224499996802047 0.11495
2300 -0.2173761702510862 0.115
2301 -0.2117824320964988 0.11505
2302 -0.205658068889612 0.1151
2303 -0.1990160079472188 0.11515
2304 -0.1918875393589064 0.1152
2305 -0.184267174594886 0.11525
2306 -0.17619330862826 0.1153
2307 -0.1677050709231901 0.11535
2308 -0.1587925246125252 0.1154
2309 -0.149467567892259 0.11545
2310 -0.1397603497338376 0.1155
2311 -0.1296966614004185 0.11555
2312 -0.1193161348882875 0.1156
2313 -0.1086208019023589 0.11565
2314 -0.09761047179518034 0.1157
2315 -0.08634592860723224 0.11575
2316 -0.07483662952250171 0.1158
2317 -0.06312047363736176 0.11585
2318 -0.0512245642717807 0.1159
2319 -0.03919660916307696 0.11595
2320 -0.0270164766956882 0.116
2321 -0.01476206816957646 0.11605
2322 -0.002455954542554017 0.1161
2323 0.009888468582366187 0.11615
2324 0.02225810274505009 0.1162
2325 0.03460483575255705 0.11625
2326 0.04687389807697922 0.1163
2327 0.05902431593502384 0.11635
2328 0.07102317070575849 0.1164
2329 0.08284808630810959 0.11645
2330 0.09449826860305885 0.1165
2331 0.1059572897780635 0.11655
2332 0.1171459444862071 0.1166
2333 0.1280416402544686 0.11665
2334 0.1386126563670581 0.1167
2335 0.1488540459893365 0.11675
2336 0.1587410310639034 0.1168
2337 0.1682399618777351 0.11685
2338 0.177320885125645 0.1169
2339 0.1859738910888382 0.11695
2340 0.1941804102563379 0.117
2341 0.2018923814363415 0.11705
2342 0.2091220549165695 0.1171
2343 0.2158191343601731 0.11715
2344 0.2219660512753678 0.1172
2345 0.2275514957373025 0.11725
2346 0.2325608342559689 0.1173
2347 0.2369818800232813 0.11735
2348 0.2408059370662126 0.1174
2349 0.2440129242682617 0.11745
2350 0.2466240662572101 0.1175
2351 0.2486229577026076 0.11755
2352 0.2500392060510971 0.1176
2353 0.2508838545513199 0.11765
2354 0.2510537990710417 0.1177
2355 0.2505705816940039 0.11775
2356 0.249454233036198 0.1178
2357 0.2477341603079298 0.11785
2358 0.2453815088817977 0.1179
2359 0.2424171473894113 0.11795
2360 0.2388604506643059 0.118
2361 0.2347092406354973 0.11805
2362 0.2299834141451592 0.1181
2363 0.2246786498983838 0.11815
2364 0.2188088093370687 0.1182
2365 0.2124358433943691 0.11825
2366 0.2055337018833377 0.1183
2367 0.1981117845858942 0.11835
2368 0.1901786662626224 0.1184
2369 0.1817951161773789 0.11845
2370 0.1729659587350318 0.1185
2371 0.163693708574355 0.11855
2372 0.154030675503859 0.1186
2373 0.1439829752784604 0.11865
2374 0.1335606237864042 0.1187
2375 0.1228038568769189 0.11875
2376 0.1117279347254142 0.1188
2377 0.1003584710784957 0.11885
2378 0.0887005404372458 0.1189
2379 0.07680054645952085 0.11895
2380 0.06470080050945759 0.119
2381 0.05241887394322457 0.11905
2382 0.03997495578714929 0.1191
2383 0.02740119655827606 0.11915
2384 0.01476247513267364 0.1192
2385 0.002076336790804391 0.11925
2386 -0.01064569272303533 0.1193
2387 -0.02338510765526183 0.11935
2388 -0.03609377860975551 0.1194
2389 -0.04872630259819581 0.11945
2390 -0.06123621122477833 0.1195
2391 -0.07358270221504024 0.11955
2392 -0.08573016866547195 0.1196
2393 -0.09768928158226807 0.11965
2394 -0.1094354993505878 0.1197
2395 -0.1208945454527946 0.11975
2396 -0.1321004508327893 0.1198
2397 -0.1429656359850016 0.11985
2398 -0.1534689743570312 0.1199
2399 -0.1635786919214103 0.11995
2400 -0.1733035474709442 0.12
2401 -0.1825862350460459 0.12005
2402 -0.191443815184666 0.1201
2403 -0.1998116998023561 0.12015
2404 -0.2076737180786199 0.1202
2405 -0.2149967859792458 0.12025
2406 -0.2217809677938959 0.1203
2407 -0.2280284552816567 0.12035
2408 -0.2336963864363433 0.1204
2409 -0.2387544936710741 0.12045
2410 -0.2432076995156714 0.1205
2411 -0.2470494287122117 0.12055
2412 -0.2502694272237659 0.1206
2413 -0.2528522943225199 0.12065
2414 -0.25477712669667 0.1207
2415 -0.2561076812906522 0.12075
2416 -0.2568595747968774 0.1208
2417 -0.2569431107610568 0.12085
2418 -0.2563560415456605 0.1209
2419 -0.2551197530472636 0.12095
2420 -0.2532595589600296 0.121
2421 -0.2507536091250136 0.12105
2422 -0.2476228569796101 0.1211
2423 -0.243875522223488 0.12115
2424 -0.2395342743140856 0.1212
2425 -0.2346003563073993 0.12125
2426 -0.2290837440843472 0.1213
2427 -0.2229805622288443 0.12135
2428 -0.2163519404520121 0.1214
2429 -0.2092071569896641 0.12145
2430 -0.2015601234331534 0.1215
2431 -0.1933729820204452 0.12155
2432 -0.184726016908248 0.1216
2433 -0.1756292585512 0.12165
2434 -0.166097281561282 0.1217
2435 -0.1561430450813833 0.12175
2436 -0.1458070721336453 0.1218
2437 -0.1350998996049212 0.12185
2438 -0.1240477813870563 0.1219
2439 -0.1126892438419748 0.12195
2440 -0.1010323696023661 0.122
2441 -0.08909693567483776 0.12205
2442 -0.07691225924353226 0.1221
2443 -0.06452614480252467 0.12215
2444 -0.05196495676220112 0.1222
2445 -0.03923561688548381 0.12225
2446 -0.02639209654959117 0.1223
2447 -0.01349359316032013 0.12235
2448 -0.0005226696541509423 0.1224
2449 0.0124441987282767 0.12245
2450 0.02543568024136907 0.1225
2451 0.03838337181695618 0.12255
2452 0.05124906970527713 0.1226
2453 0.06396401369197063 0.12265
2454 0.07651807443249387 0.1227
2455 0.08886996950654608 0.12275
2456 0.1010280327045103 0.1228
2457 0.1129566686520665 0.12285
2458 0.1246049223145435 0.1229
2459 0.1359730325457802 0.12295
2460 0.1469781281136975 0.123
2461 0.1575997564538633 0.12305
2462 0.1678558360509375 0.1231
2463 0.1776877839264673 0.12315
2464 0.1870672615705882 0.1232
2465 0.1960057397094561 0.12325
2466 0.2044316246583784 0.1233
2467 0.2123016735990263 0.12335
2468 0.2196613332573972 0.1234
2469 0.2264644834882607 0.12345
2470 0.2327268785807721 0.1235
2471 0.2383804201540668 0.12355
2472 0.2434129165432825 0.1236
2473 0.2478387829550635 0.12365
2474 0.2516122470450742 0.1237
2475 0.2547428638908386 0.12375
2476 0.2572337499400129 0.1238
2477 0.2590681368274678 0.12385
2478 0.2602800220486783 0.1239
2479 0.260890879482486 0.12395
2480 0.2608439315856277 0.124
2481 0.2601170756860145 0.12405
2482 0.2587404063844288 0.1241
2483 0.2567245084197376 0.12415
2484 0.2540497347624145 0.1242
